{'issuenumber': 1738, 'title': 'Confusing problem... get differernt result between `main method` and `test method`', 'state': 'closed', 'created_at': '2022-04-29T02:35:45Z', 'closed_at': '2022-05-02T09:29:45Z', 'labels': []}
{'issuenumber': 1734, 'title': 'SpringBoot test failure in circleci', 'state': 'closed', 'created_at': '2022-01-29T00:53:41Z', 'closed_at': '2022-01-29T10:11:06Z', 'labels': []}
{'issuenumber': 1733, 'title': 'gh', 'state': 'closed', 'created_at': '2021-12-31T22:53:10Z', 'closed_at': '2021-12-31T23:46:02Z', 'labels': []}
{'issuenumber': 1730, 'title': 'Junit Runner Throws Error with JDK 17', 'state': 'closed', 'created_at': '2021-12-24T10:54:37Z', 'closed_at': '2021-12-24T10:58:26Z', 'labels': []}
{'issuenumber': 1717, 'title': 'JDK17 broken test scanning', 'state': 'closed', 'created_at': '2021-09-18T20:37:33Z', 'closed_at': '2021-09-29T04:53:30Z', 'labels': []}
{'issuenumber': 1714, 'title': 'TemporaryFolder default name generation inconsistent', 'state': 'closed', 'created_at': '2021-08-12T11:01:42Z', 'closed_at': '2021-08-13T08:26:17Z', 'labels': []}
{'issuenumber': 1713, 'title': 'test error', 'state': 'closed', 'created_at': '2021-07-28T09:33:04Z', 'closed_at': '2021-08-05T08:23:04Z', 'labels': []}
{'issuenumber': 1710, 'title': 'Junit execution issue', 'state': 'closed', 'created_at': '2021-05-18T09:06:21Z', 'closed_at': '2021-05-18T18:43:07Z', 'labels': []}
{'issuenumber': 1709, 'title': 'Class naming appears to prevent full parallelization', 'state': 'closed', 'created_at': '2021-04-17T17:59:09Z', 'closed_at': '2021-04-17T18:48:22Z', 'labels': []}
{'issuenumber': 1704, 'title': 'Issue in Mocking Java Comparator - For Open JDK 1.8', 'state': 'closed', 'created_at': '2021-03-04T06:17:23Z', 'closed_at': '2021-03-04T06:58:54Z', 'labels': []}
{'issuenumber': 1700, 'title': 'OutOfMemoryError thrown from the UncaughtExceptionHandler in thread "Time-limited test"', 'state': 'closed', 'created_at': '2021-02-22T08:13:32Z', 'closed_at': '2021-03-06T10:01:39Z', 'labels': []}
{'issuenumber': 1695, 'title': 'Junit 4 life cycle support ', 'state': 'closed', 'created_at': '2021-01-18T17:49:57Z', 'closed_at': '2021-01-19T13:27:41Z', 'labels': []}
{'issuenumber': 1686, 'title': 'Junit4 RunListener Query ', 'state': 'closed', 'created_at': '2020-12-18T13:42:04Z', 'closed_at': '2020-12-19T10:17:55Z', 'labels': []}
{'issuenumber': 1685, 'title': 'Junit Testcases Execution issue if using Powermockito', 'state': 'closed', 'created_at': '2020-12-17T13:04:14Z', 'closed_at': '2020-12-17T13:53:20Z', 'labels': []}
{'issuenumber': 1684, 'title': 'ExpectedException - Intended supported java version?', 'state': 'closed', 'created_at': '2020-12-06T10:12:49Z', 'closed_at': '2020-12-06T17:53:58Z', 'labels': []}
{'issuenumber': 1682, 'title': 'configure cobertura maven', 'state': 'closed', 'created_at': '2020-12-01T06:15:10Z', 'closed_at': '2020-12-01T09:33:39Z', 'labels': []}
{'issuenumber': 1680, 'title': "@Autowired doesn't seem to work in JUnit Test Cases while Running via ANT", 'state': 'closed', 'created_at': '2020-11-09T19:00:17Z', 'closed_at': '2020-11-09T22:35:27Z', 'labels': []}
{'issuenumber': 1679, 'title': "Option to create TemporaryFolder that doesn't limit access to created files", 'state': 'closed', 'created_at': '2020-10-30T17:36:21Z', 'closed_at': '2020-11-01T10:36:27Z', 'labels': []}
{'issuenumber': 1678, 'title': 'Patch release 4.13.1 seems to break maven surefire plugin', 'state': 'closed', 'created_at': '2020-10-16T11:23:42Z', 'closed_at': '2020-10-25T09:09:30Z', 'labels': []}
{'issuenumber': 1676, 'title': "CVE-2020-15250 doesn't affect versions prior to 4.7 but claims it did", 'state': 'closed', 'created_at': '2020-10-14T06:18:11Z', 'closed_at': '2020-10-27T08:19:38Z', 'labels': []}
{'issuenumber': 1675, 'title': 'release 4.13.1 links to release note 4.13', 'state': 'closed', 'created_at': '2020-10-12T09:53:58Z', 'closed_at': '2020-10-12T11:05:09Z', 'labels': []}
{'issuenumber': 1674, 'title': "junit.org domain name can't be resolved", 'state': 'closed', 'created_at': '2020-10-12T08:29:07Z', 'closed_at': '2020-10-12T19:01:43Z', 'labels': []}
{'issuenumber': 1670, 'title': 'assertEquals will hang on large object inputs', 'state': 'closed', 'created_at': '2020-07-28T20:14:47Z', 'closed_at': '2020-07-30T08:21:05Z', 'labels': []}
{'issuenumber': 1668, 'title': 'Make ctor FrameworkField(Field) public?', 'state': 'closed', 'created_at': '2020-07-09T19:50:16Z', 'closed_at': '2020-08-02T18:23:26Z', 'labels': []}
{'issuenumber': 1667, 'title': 'Maven surefire plugin  generating empty testng report ', 'state': 'closed', 'created_at': '2020-07-03T13:23:22Z', 'closed_at': '2020-07-05T01:04:45Z', 'labels': []}
{'issuenumber': 1666, 'title': 'All release notes links are broken on junit4.org (they point to "master" branch)', 'state': 'closed', 'created_at': '2020-06-29T15:22:46Z', 'closed_at': '2020-07-01T18:46:01Z', 'labels': []}
{'issuenumber': 1665, 'title': 'Assert.assertThat() had @deprecated, suggest use org.hamcrest.MatcherAssert.assertThat(),but dependency version is too old', 'state': 'closed', 'created_at': '2020-06-29T15:12:33Z', 'closed_at': '2021-01-02T20:53:04Z', 'labels': {'name': 'hamcrest'}}
{'issuenumber': 1664, 'title': 'GitHub Wiki has broken links to Release Notes', 'state': 'closed', 'created_at': '2020-06-24T16:47:15Z', 'closed_at': '2020-06-24T19:49:06Z', 'labels': []}
{'issuenumber': 1661, 'title': 'java.lang.NoClassDefFoundError: org/junit/runner/manipulation/Filter', 'state': 'closed', 'created_at': '2020-04-24T16:42:00Z', 'closed_at': '2020-08-06T08:09:21Z', 'labels': []}
{'issuenumber': 1659, 'title': 'GPG signing key changed, but not documented?', 'state': 'closed', 'created_at': '2020-04-07T05:30:00Z', 'closed_at': '2020-04-10T11:41:13Z', 'labels': []}
{'issuenumber': 1658, 'title': 'Temporary Folder not being deleted ', 'state': 'closed', 'created_at': '2020-03-25T21:41:05Z', 'closed_at': '2020-03-28T21:39:35Z', 'labels': []}
{'issuenumber': 1657, 'title': 'JUnit', 'state': 'closed', 'created_at': '2020-03-20T19:49:08Z', 'closed_at': '2020-03-21T12:47:39Z', 'labels': []}
{'issuenumber': 1656, 'title': 'Errors in documentation prevent pull requests to succeed.', 'state': 'closed', 'created_at': '2020-03-06T18:44:56Z', 'closed_at': '2020-03-06T20:24:50Z', 'labels': []}
{'issuenumber': 1652, 'title': 'Timeout ThreadGroups should not be destroyed', 'state': 'closed', 'created_at': '2020-02-11T14:27:55Z', 'closed_at': '2021-01-02T22:09:07Z', 'labels': []}
{'issuenumber': 1650, 'title': 'JUnit 4 support status', 'state': 'closed', 'created_at': '2020-02-10T20:45:27Z', 'closed_at': '2020-02-11T09:05:53Z', 'labels': []}
{'issuenumber': 1647, 'title': 'Update the wiki with "assertThrows"', 'state': 'closed', 'created_at': '2020-02-04T16:02:24Z', 'closed_at': '2020-02-08T15:37:39Z', 'labels': []}
{'issuenumber': 1645, 'title': 'Deprecation of Assert#assertThat missing in 4.13 release notes', 'state': 'closed', 'created_at': '2020-01-23T11:45:48Z', 'closed_at': '2020-01-27T07:51:31Z', 'labels': []}
{'issuenumber': 1644, 'title': 'SpringBoot Custom.properties file unable to resolve placeholder property error in junit', 'state': 'closed', 'created_at': '2020-01-20T04:20:40Z', 'closed_at': '2020-01-20T07:10:54Z', 'labels': {'name': 'external issue'}}
{'issuenumber': 1643, 'title': 'Message for you', 'state': 'closed', 'created_at': '2020-01-17T06:21:33Z', 'closed_at': '2020-01-17T07:18:58Z', 'labels': []}
{'issuenumber': 1642, 'title': 'Warn on mixed JUnit 3/4 tests', 'state': 'closed', 'created_at': '2020-01-11T13:42:56Z', 'closed_at': '2021-01-01T21:54:25Z', 'labels': []}
{'issuenumber': 1640, 'title': 'More Concise Error Message In Tests', 'state': 'closed', 'created_at': '2019-12-31T15:42:16Z', 'closed_at': '2020-01-01T13:26:18Z', 'labels': {'name': 'status: declined'}}
{'issuenumber': 1637, 'title': 'sortWith() and orderWith() should respect @FixMethodOrder', 'state': 'closed', 'created_at': '2019-11-16T23:41:54Z', 'closed_at': '2019-11-27T19:46:17Z', 'labels': []}
{'issuenumber': 1636, 'title': '@Parameters-Method is called even if category is excluded', 'state': 'closed', 'created_at': '2019-10-26T23:29:10Z', 'closed_at': '2019-11-17T08:07:58Z', 'labels': {'name': 'categories'}}
{'issuenumber': 1634, 'title': 'Can I set an alias for the test method name?', 'state': 'closed', 'created_at': '2019-10-21T07:39:44Z', 'closed_at': '2019-10-21T09:26:41Z', 'labels': []}
{'issuenumber': 1631, 'title': 'Parameter "skipAfterFailureCount" no working', 'state': 'closed', 'created_at': '2019-10-16T07:18:22Z', 'closed_at': '2019-10-16T07:19:44Z', 'labels': []}
{'issuenumber': 1630, 'title': 'Test report xml for a test is not full.', 'state': 'closed', 'created_at': '2019-10-10T10:52:33Z', 'closed_at': '2019-10-10T10:54:05Z', 'labels': []}
{'issuenumber': 1623, 'title': 'Exclude all categories in failsafe', 'state': 'closed', 'created_at': '2019-07-04T07:45:25Z', 'closed_at': '2019-07-04T14:23:12Z', 'labels': []}
{'issuenumber': 1618, 'title': 'Unrooted tests with custom test runner', 'state': 'closed', 'created_at': '2019-06-17T19:29:21Z', 'closed_at': '2019-06-19T14:44:38Z', 'labels': []}
{'issuenumber': 1616, 'title': 'AssumeFalse description : "got" and "expected" are inverted', 'state': 'closed', 'created_at': '2019-06-01T17:25:31Z', 'closed_at': '2019-06-20T18:07:02Z', 'labels': {'name': 'bug'}}
{'issuenumber': 1614, 'title': 'Provide a `CompositeTestRule`', 'state': 'closed', 'created_at': '2019-05-28T21:20:38Z', 'closed_at': '2019-06-21T06:17:53Z', 'labels': []}
{'issuenumber': 1611, 'title': 'Add @Target(ElementType.ANNOTATION_TYPE) to @ValidateWith', 'state': 'closed', 'created_at': '2019-05-20T23:48:05Z', 'closed_at': '2019-10-18T18:47:09Z', 'labels': []}
{'issuenumber': 1609, 'title': 'Undeprecate ExpectedException rule', 'state': 'closed', 'created_at': '2019-05-05T15:17:06Z', 'closed_at': '2019-10-21T19:02:24Z', 'labels': {'name': 'rules'}}
{'issuenumber': 1607, 'title': '[Question] Run JUnit4 commandline against a fat jar.', 'state': 'closed', 'created_at': '2019-04-24T12:19:50Z', 'closed_at': '2019-04-24T15:45:18Z', 'labels': []}
{'issuenumber': 1606, 'title': 'Make Statement an interface instead of an abstract class', 'state': 'closed', 'created_at': '2019-04-24T09:32:59Z', 'closed_at': '2019-04-24T13:43:59Z', 'labels': []}
{'issuenumber': 1601, 'title': 'Update "Download and Install" wiki page to use hamcrest.jar instead of hamcrest-core.jar', 'state': 'closed', 'created_at': '2019-04-01T03:58:48Z', 'closed_at': '2019-04-01T18:10:04Z', 'labels': {'name': 'hamcrest'}}
{'issuenumber': 1598, 'title': 'Option to read retrieve parameters per test in Junit4', 'state': 'closed', 'created_at': '2019-03-16T00:54:32Z', 'closed_at': '2019-03-16T01:29:41Z', 'labels': []}
{'issuenumber': 1595, 'title': 'Getting error Could not initialize class sun.awt.X11.XToolkit while building in jenkins', 'state': 'closed', 'created_at': '2019-03-13T06:45:48Z', 'closed_at': '2019-03-13T09:00:46Z', 'labels': []}
{'issuenumber': 1593, 'title': '4.13 docs: Rule refers to deprecated RuleChain for order despite having order() property', 'state': 'closed', 'created_at': '2019-02-26T23:18:15Z', 'closed_at': '2019-03-11T06:32:25Z', 'labels': []}
{'issuenumber': 1591, 'title': 'Cucumber runtime exception with Junit plugin test', 'state': 'closed', 'created_at': '2019-02-12T16:25:20Z', 'closed_at': '2019-02-15T19:37:45Z', 'labels': []}
{'issuenumber': 1590, 'title': 'Maven, ant-junit and junit4: “no tests found”', 'state': 'closed', 'created_at': '2019-02-11T21:27:54Z', 'closed_at': '2019-02-13T21:37:50Z', 'labels': []}
{'issuenumber': 1589, 'title': 'Using Mockito Test case failed', 'state': 'closed', 'created_at': '2019-01-17T09:34:27Z', 'closed_at': '2019-01-17T12:04:50Z', 'labels': []}
{'issuenumber': 1588, 'title': 'Color class can not be tested', 'state': 'closed', 'created_at': '2019-01-17T06:20:22Z', 'closed_at': '2019-01-17T07:45:31Z', 'labels': []}
{'issuenumber': 1582, 'title': '4.13-beta-1 causes java.lang.VerifyError: class com.intellij.junit4.JUnit4TestRunnerUtil', 'state': 'closed', 'created_at': '2019-01-03T20:17:24Z', 'closed_at': '2019-01-05T12:45:00Z', 'labels': []}
{'issuenumber': 1579, 'title': 'why java.lang.NoSuchMethodError: org.hamcrest.core.AllOf.allOf(Lorg/hamcrest/Matcher;Lorg/hamcrest/Matcher;)Lorg/hamcrest/Matcher;', 'state': 'closed', 'created_at': '2018-12-18T11:33:12Z', 'closed_at': '2018-12-18T15:49:27Z', 'labels': []}
{'issuenumber': 1577, 'title': 'Failing openjdk-6 build', 'state': 'closed', 'created_at': '2018-12-11T10:41:04Z', 'closed_at': '2018-12-17T17:56:42Z', 'labels': []}
{'issuenumber': 1576, 'title': '@RunWith(MyCustomRunner.class) - IllegalAccessException', 'state': 'closed', 'created_at': '2018-12-05T09:05:35Z', 'closed_at': '2018-12-05T09:37:18Z', 'labels': []}
{'issuenumber': 1575, 'title': 'Hamcrest-core.jar link in wiki/Download-and-Install is incorrect', 'state': 'closed', 'created_at': '2018-12-02T03:55:23Z', 'closed_at': '2018-12-02T08:08:01Z', 'labels': []}
{'issuenumber': 1574, 'title': 'Tests are marked as ignored when assertion in @AfterClass fails', 'state': 'closed', 'created_at': '2018-11-30T09:59:42Z', 'closed_at': '2018-11-30T15:10:46Z', 'labels': []}
{'issuenumber': 1573, 'title': 'Exception running JUnit4 tests', 'state': 'closed', 'created_at': '2018-11-27T08:08:36Z', 'closed_at': '2018-11-27T09:25:02Z', 'labels': []}
{'issuenumber': 1570, 'title': 'I think someone Hacked the Documentation Page', 'state': 'closed', 'created_at': '2018-11-06T03:38:17Z', 'closed_at': '2018-11-06T16:10:30Z', 'labels': []}
{'issuenumber': 1566, 'title': 'ExpectedException fails when assumption fails', 'state': 'closed', 'created_at': '2018-10-23T20:53:42Z', 'closed_at': '2021-12-02T13:27:48Z', 'labels': []}
{'issuenumber': 1564, 'title': 'Setting up a dynamic bootstrap classpath for test runners', 'state': 'closed', 'created_at': '2018-10-12T03:42:39Z', 'closed_at': '2018-10-19T00:06:50Z', 'labels': []}
{'issuenumber': 1556, 'title': 'Closing a closeable stream without a finally block', 'state': 'closed', 'created_at': '2018-10-03T02:06:18Z', 'closed_at': '2018-10-03T07:59:17Z', 'labels': []}
{'issuenumber': 1549, 'title': 'Exceptions thrown by Exception.getMessage() method cancel tests without failing the test', 'state': 'closed', 'created_at': '2018-09-21T09:00:23Z', 'closed_at': '2018-10-23T08:22:13Z', 'labels': []}
{'issuenumber': 1547, 'title': 'Could not find com.android.support:appcompat-v4:28.0.0-rc1', 'state': 'closed', 'created_at': '2018-08-23T00:16:28Z', 'closed_at': '2018-08-23T00:23:25Z', 'labels': []}
{'issuenumber': 1546, 'title': 'hamcrest-core-1.3.jar', 'state': 'closed', 'created_at': '2018-08-14T08:51:57Z', 'closed_at': '2018-08-14T10:34:49Z', 'labels': []}
{'issuenumber': 1544, 'title': 'maven-surefire-plugin is skipping/not finding tests', 'state': 'closed', 'created_at': '2018-07-25T16:28:41Z', 'closed_at': '2018-07-25T18:15:33Z', 'labels': []}
{'issuenumber': 1543, 'title': 'Junit Parameterization without private properties', 'state': 'closed', 'created_at': '2018-07-18T08:20:25Z', 'closed_at': '2020-06-18T02:32:37Z', 'labels': []}
{'issuenumber': 1540, 'title': 'Link to "JUnit Toolbox" is brocken', 'state': 'closed', 'created_at': '2018-07-12T04:07:25Z', 'closed_at': '2020-08-06T08:13:55Z', 'labels': []}
{'issuenumber': 1539, 'title': 'org.junit.rules.TestName: make toString() return same value as getMethodName().', 'state': 'closed', 'created_at': '2018-07-05T10:22:40Z', 'closed_at': '2021-01-03T20:55:21Z', 'labels': []}
{'issuenumber': 1538, 'title': 'Test methods gets repeatedly executed (18 times) each run', 'state': 'closed', 'created_at': '2018-07-04T22:03:20Z', 'closed_at': '2018-07-05T22:09:32Z', 'labels': []}
{'issuenumber': 1535, 'title': 'How to match cause exception message', 'state': 'closed', 'created_at': '2018-06-19T09:13:43Z', 'closed_at': '2018-06-19T13:53:57Z', 'labels': []}
{'issuenumber': 1534, 'title': 'junit-4.10 与amino-cbbs-0.3.1 的报错', 'state': 'closed', 'created_at': '2018-06-13T11:06:51Z', 'closed_at': '2018-06-13T14:48:34Z', 'labels': []}
{'issuenumber': 1532, 'title': 'Not able to get @Category to work, need help!', 'state': 'closed', 'created_at': '2018-06-07T04:54:15Z', 'closed_at': '2018-06-07T10:43:35Z', 'labels': []}
{'issuenumber': 1531, 'title': 'Test class execution stops after 10 minutes', 'state': 'closed', 'created_at': '2018-06-06T15:17:00Z', 'closed_at': '2018-06-07T15:45:41Z', 'labels': {'name': 'needs more info'}}
{'issuenumber': 1526, 'title': 'Any chance of starting JUnit 3 exceptions on a new line like JUnit 4?', 'state': 'closed', 'created_at': '2018-05-30T13:30:32Z', 'closed_at': '2018-05-30T21:46:41Z', 'labels': []}
{'issuenumber': 1522, 'title': 'SecurityManager API lacks getInCheck in Java 10', 'state': 'closed', 'created_at': '2018-05-16T12:23:05Z', 'closed_at': '2018-06-18T13:44:19Z', 'labels': []}
{'issuenumber': 1521, 'title': 'Rule and RunListener Ordering', 'state': 'closed', 'created_at': '2018-05-09T13:48:49Z', 'closed_at': '2018-05-09T16:43:32Z', 'labels': []}
{'issuenumber': 1516, 'title': 'assumeTrue in @SetUpBeforeClass fail to run and skip tests', 'state': 'closed', 'created_at': '2018-04-09T11:17:11Z', 'closed_at': '2021-07-28T02:51:08Z', 'labels': []}
{'issuenumber': 1513, 'title': 'maven-surefire-plugin version 2.20.1 giving NullPointerException', 'state': 'closed', 'created_at': '2018-03-27T20:12:08Z', 'closed_at': '2018-03-27T21:39:44Z', 'labels': []}
{'issuenumber': 1511, 'title': 'TemporaryFolder should not follow symlinks when deleting', 'state': 'closed', 'created_at': '2018-03-17T02:52:40Z', 'closed_at': '2018-03-17T10:08:01Z', 'labels': []}
{'issuenumber': 1510, 'title': 'Exclude the time in set-up/tear-down for Timeout @Rule', 'state': 'closed', 'created_at': '2018-03-14T07:42:34Z', 'closed_at': '2018-03-15T07:57:45Z', 'labels': []}
{'issuenumber': 1509, 'title': "[JUnit 4.13 regression] @BeforeClass shadowing in superclass doesn't work", 'state': 'closed', 'created_at': '2018-02-25T00:18:28Z', 'closed_at': '2018-04-04T02:57:24Z', 'labels': []}
{'issuenumber': 1500, 'title': 'Cannot download javadoc package list from JUnit web site', 'state': 'closed', 'created_at': '2018-02-08T14:35:48Z', 'closed_at': '2018-02-08T23:05:35Z', 'labels': []}
{'issuenumber': 1499, 'title': 'Intruduce BiMatcher hierarchy', 'state': 'closed', 'created_at': '2018-02-08T13:16:41Z', 'closed_at': '2018-02-08T21:06:36Z', 'labels': []}
{'issuenumber': 1496, 'title': 'Release JUnit 4.13', 'state': 'closed', 'created_at': '2018-02-06T17:45:30Z', 'closed_at': '2020-01-01T16:03:42Z', 'labels': []}
{'issuenumber': 1495, 'title': 'can not find lessThan() method', 'state': 'closed', 'created_at': '2018-02-06T02:22:59Z', 'closed_at': '2018-02-06T14:18:47Z', 'labels': []}
{'issuenumber': 1494, 'title': 'Three test class with the same resources', 'state': 'closed', 'created_at': '2018-01-08T08:10:07Z', 'closed_at': '2018-01-08T12:28:53Z', 'labels': []}
{'issuenumber': 1490, 'title': 'Fixed: JUnit38ClassRunner does not recognise AssumptionViolationException (Assume)', 'state': 'closed', 'created_at': '2017-11-06T12:11:03Z', 'closed_at': '2017-11-08T09:56:18Z', 'labels': []}
{'issuenumber': 1483, 'title': 'Help with feature implementation', 'state': 'closed', 'created_at': '2017-09-27T20:09:14Z', 'closed_at': '2017-09-28T01:50:32Z', 'labels': []}
{'issuenumber': 1482, 'title': 'Run all tests in an IntelliJ module does not work when having class names with unicode characters', 'state': 'closed', 'created_at': '2017-09-21T12:16:51Z', 'closed_at': '2017-09-21T12:46:11Z', 'labels': []}
{'issuenumber': 1481, 'title': 'Using Junit with Ant', 'state': 'closed', 'created_at': '2017-09-11T09:07:56Z', 'closed_at': '2017-09-11T19:19:55Z', 'labels': []}
{'issuenumber': 1480, 'title': "@Parameterized and @Category test configuration doesn't work", 'state': 'closed', 'created_at': '2017-08-30T15:29:26Z', 'closed_at': '2017-08-31T14:39:36Z', 'labels': []}
{'issuenumber': 1479, 'title': 'How to @Inject other classes when there is a @Rule', 'state': 'closed', 'created_at': '2017-08-08T12:18:46Z', 'closed_at': '2017-08-08T14:31:35Z', 'labels': []}
{'issuenumber': 1475, 'title': '@DebugTest annotation support', 'state': 'closed', 'created_at': '2017-07-28T07:49:27Z', 'closed_at': '2017-10-25T17:08:52Z', 'labels': []}
{'issuenumber': 1474, 'title': 'Add getter for @Rule in a RuleChain', 'state': 'closed', 'created_at': '2017-07-20T20:18:39Z', 'closed_at': '2017-08-07T03:00:02Z', 'labels': []}
{'issuenumber': 1473, 'title': 'Enclosed Runner - Support multiple levels of nesting.', 'state': 'closed', 'created_at': '2017-07-14T18:24:31Z', 'closed_at': '2017-07-14T20:38:30Z', 'labels': []}
{'issuenumber': 1472, 'title': 'NPE using StaticMetamodel in more than one test', 'state': 'closed', 'created_at': '2017-06-28T16:52:16Z', 'closed_at': '2017-06-28T17:07:54Z', 'labels': []}
{'issuenumber': 1471, 'title': 'AssertArrayEquals - show a more useful error message when failing', 'state': 'closed', 'created_at': '2017-06-27T22:43:47Z', 'closed_at': '2017-06-28T21:13:07Z', 'labels': []}
{'issuenumber': 1469, 'title': 'How to remove the default number associate to File.createTempFile', 'state': 'closed', 'created_at': '2017-06-25T20:00:51Z', 'closed_at': '2017-06-26T07:42:18Z', 'labels': []}
{'issuenumber': 1468, 'title': 'Junit @before order is not honor when parent class is package private', 'state': 'closed', 'created_at': '2017-06-23T21:06:55Z', 'closed_at': '2017-07-29T23:27:37Z', 'labels': []}
{'issuenumber': 1466, 'title': 'ErrorCollector will not fail tests if used in conjunction with an ExpectedException', 'state': 'closed', 'created_at': '2017-06-14T23:31:48Z', 'closed_at': '2018-05-02T07:25:34Z', 'labels': []}
{'issuenumber': 1462, 'title': 'BlockJUnit4ClassRunner.methodBlock() should be called after fireTestStarted() ', 'state': 'closed', 'created_at': '2017-06-07T18:02:03Z', 'closed_at': '2017-06-08T16:05:32Z', 'labels': {'name': 'bug'}}
{'issuenumber': 1461, 'title': 'Add assertThrowsOnNullArguments', 'state': 'closed', 'created_at': '2017-06-07T14:50:19Z', 'closed_at': '2017-06-11T01:18:42Z', 'labels': []}
{'issuenumber': 1459, 'title': '@RunWith runs my tests multiple times', 'state': 'closed', 'created_at': '2017-05-23T14:05:36Z', 'closed_at': '2017-05-23T20:59:54Z', 'labels': []}
{'issuenumber': 1457, 'title': "@Test alongside Lombok's @Delegate annotation?!", 'state': 'closed', 'created_at': '2017-05-22T20:53:36Z', 'closed_at': '2017-05-23T06:54:19Z', 'labels': []}
{'issuenumber': 1453, 'title': 'NPE when asserting classes that return null in toString', 'state': 'closed', 'created_at': '2017-05-18T09:01:19Z', 'closed_at': '2017-05-19T01:00:57Z', 'labels': []}
{'issuenumber': 1450, 'title': 'org.junit.runner.Description NullPointer when created without annotations', 'state': 'closed', 'created_at': '2017-05-09T13:23:01Z', 'closed_at': '2017-05-09T13:31:19Z', 'labels': []}
{'issuenumber': 1446, 'title': 'assertEquals passes when it should fail when strings begin with escaped character', 'state': 'closed', 'created_at': '2017-05-03T19:31:23Z', 'closed_at': '2017-05-16T18:39:56Z', 'labels': []}
{'issuenumber': 1444, 'title': 'Including tests multiple times in a suite of tests.', 'state': 'closed', 'created_at': '2017-05-03T08:01:15Z', 'closed_at': '2017-05-03T14:44:28Z', 'labels': []}
{'issuenumber': 1440, 'title': 'Force Coding Style', 'state': 'closed', 'created_at': '2017-04-17T10:06:18Z', 'closed_at': '2017-04-17T13:43:26Z', 'labels': []}
{'issuenumber': 1437, 'title': 'Hibernate integration test with junit', 'state': 'closed', 'created_at': '2017-04-07T08:35:42Z', 'closed_at': '2017-04-07T16:05:15Z', 'labels': []}
{'issuenumber': 1436, 'title': 'Update TestWatcher Javadoc to specify that it should be the "outer" rule', 'state': 'closed', 'created_at': '2017-04-02T11:25:38Z', 'closed_at': '2018-03-08T09:10:20Z', 'labels': []}
{'issuenumber': 1434, 'title': 'Consideration of create a new annotation to be executed before of @Parameters', 'state': 'closed', 'created_at': '2017-03-29T18:20:38Z', 'closed_at': '2017-03-31T16:22:17Z', 'labels': []}
{'issuenumber': 1433, 'title': "Theories Runner runs @Theory methods before Mockito's JUnitRule initializes mocks", 'state': 'closed', 'created_at': '2017-03-20T20:39:50Z', 'closed_at': '2017-03-21T12:06:33Z', 'labels': []}
{'issuenumber': 1431, 'title': '@Test annotation is not composable, please add @Target ElementType.ANNOTATION_TYPE', 'state': 'closed', 'created_at': '2017-03-17T16:39:24Z', 'closed_at': '2017-03-18T00:22:28Z', 'labels': []}
{'issuenumber': 1430, 'title': 'NullPointerException ', 'state': 'closed', 'created_at': '2017-03-15T10:04:39Z', 'closed_at': '2017-03-15T17:35:26Z', 'labels': []}
{'issuenumber': 1429, 'title': 'A Exception for junit4.12 about org/hamcrest/SelfDescribing', 'state': 'closed', 'created_at': '2017-03-12T11:24:42Z', 'closed_at': '2017-03-12T14:35:35Z', 'labels': []}
{'issuenumber': 1427, 'title': 'ExternalResource after() not called if before() throws', 'state': 'closed', 'created_at': '2017-03-03T19:20:06Z', 'closed_at': '2017-03-06T17:29:58Z', 'labels': []}
{'issuenumber': 1426, 'title': 'Trimmed stack traces do not include suppressed throwables', 'state': 'closed', 'created_at': '2017-03-03T18:02:45Z', 'closed_at': '2017-05-26T06:03:58Z', 'labels': []}
{'issuenumber': 1420, 'title': 'Is junit 4.12 fully  backward compatible with  junit 3.8.1?', 'state': 'closed', 'created_at': '2017-02-14T08:55:45Z', 'closed_at': '2017-02-14T09:13:08Z', 'labels': []}
{'issuenumber': 1419, 'title': 'AssertNotSame not failing even if the two objects are same .', 'state': 'closed', 'created_at': '2017-02-14T08:20:57Z', 'closed_at': '2017-02-14T08:31:03Z', 'labels': []}
{'issuenumber': 1411, 'title': 'Enforce order of @Before/@After annotated methods even when override is also annotated', 'state': 'closed', 'created_at': '2017-01-11T17:23:40Z', 'closed_at': '2017-01-22T23:05:49Z', 'labels': []}
{'issuenumber': 1410, 'title': 'wiki/exception-testing uses deprecated examples', 'state': 'closed', 'created_at': '2017-01-10T15:16:58Z', 'closed_at': '2017-01-11T15:17:12Z', 'labels': {'name': 'wiki'}}
{'issuenumber': 1407, 'title': 'Name conflict on @Before(d) method with its homonym in its base class', 'state': 'closed', 'created_at': '2017-01-08T14:21:38Z', 'closed_at': '2017-01-08T16:11:05Z', 'labels': []}
{'issuenumber': 1388, 'title': 'Assert.assertThrows gives unhelpful message if the code throws an exception with the same name from a different package', 'state': 'closed', 'created_at': '2016-11-21T17:00:12Z', 'closed_at': '2016-11-21T18:41:36Z', 'labels': []}
{'issuenumber': 1387, 'title': 'Lack of the official XML schema definition for a JUnit report.', 'state': 'closed', 'created_at': '2016-11-21T16:06:22Z', 'closed_at': '2016-11-21T18:03:50Z', 'labels': []}
{'issuenumber': 1378, 'title': 'Java.lang.verifyError', 'state': 'closed', 'created_at': '2016-10-26T19:06:56Z', 'closed_at': '2016-10-26T21:34:31Z', 'labels': []}
{'issuenumber': 1373, 'title': 'Cannot resolve method expected @Test annotation: @Test not applicable to type.', 'state': 'closed', 'created_at': '2016-10-23T05:45:28Z', 'closed_at': '2016-10-24T02:10:16Z', 'labels': []}
{'issuenumber': 1372, 'title': 'Incorrect @BeforeClass order in IntelliJ', 'state': 'closed', 'created_at': '2016-10-14T18:23:05Z', 'closed_at': '2016-12-08T21:21:35Z', 'labels': {'name': 'needs more info'}}
{'issuenumber': 1370, 'title': 'Unrooted Tests when running single test in Eclipse with failing @AfterClass', 'state': 'closed', 'created_at': '2016-10-12T03:36:06Z', 'closed_at': '2017-02-04T09:57:12Z', 'labels': {'name': 'bug'}}
{'issuenumber': 1369, 'title': 'how to test a single test in cli', 'state': 'closed', 'created_at': '2016-10-10T15:12:56Z', 'closed_at': '2016-10-11T01:55:26Z', 'labels': []}
{'issuenumber': 1368, 'title': 'Why does RuleChain use a List internally instead of a stack?', 'state': 'closed', 'created_at': '2016-10-05T15:30:17Z', 'closed_at': '2016-10-06T15:50:14Z', 'labels': []}
{'issuenumber': 1366, 'title': 'net.sf.proguard:proguard:jar must specify an absolute path', 'state': 'closed', 'created_at': '2016-09-29T15:00:18Z', 'closed_at': '2016-09-30T14:42:42Z', 'labels': []}
{'issuenumber': 1365, 'title': 'Interrupted test cases cause random failures with thread reuse', 'state': 'closed', 'created_at': '2016-09-28T07:49:10Z', 'closed_at': '2019-01-20T10:08:18Z', 'labels': {'name': 'bug'}}
{'issuenumber': 1364, 'title': 'No documentation for running filtered tests from the command line', 'state': 'closed', 'created_at': '2016-09-22T17:50:28Z', 'closed_at': '2017-09-30T14:13:10Z', 'labels': {'name': 'up-for-grabs'}}
{'issuenumber': 1363, 'title': 'ErrorCollector reports AssumptionViolatedException as failure when assumption is not meet multiple times.', 'state': 'closed', 'created_at': '2016-09-21T16:20:36Z', 'closed_at': '2016-12-05T07:06:51Z', 'labels': {'name': 'bug'}}
{'issuenumber': 1362, 'title': 'How to show details when expect error', 'state': 'closed', 'created_at': '2016-09-21T11:41:57Z', 'closed_at': '2016-09-21T17:29:00Z', 'labels': []}
{'issuenumber': 1361, 'title': 'Subsequent scenarios in @SuiteClasses are skipped if the first one fails ', 'state': 'closed', 'created_at': '2016-09-19T10:42:19Z', 'closed_at': '2016-09-19T14:02:30Z', 'labels': []}
{'issuenumber': 1358, 'title': 'Using TestWatcher at Suite level ?', 'state': 'closed', 'created_at': '2016-09-09T07:34:13Z', 'closed_at': '2016-10-08T18:00:01Z', 'labels': []}
{'issuenumber': 1357, 'title': 'TextUtils.isEmpty(String) return wrong value.', 'state': 'closed', 'created_at': '2016-09-06T11:02:53Z', 'closed_at': '2016-09-06T13:42:26Z', 'labels': []}
{'issuenumber': 1354, 'title': '@RunWith(Enclosed.class) and its @BeforeClass', 'state': 'closed', 'created_at': '2016-08-25T10:35:11Z', 'closed_at': '2018-02-24T15:55:38Z', 'labels': {'name': 'external issue'}}
{'issuenumber': 1341, 'title': 'Execution of custom code when @BeforeClass fails?', 'state': 'closed', 'created_at': '2016-07-13T18:16:15Z', 'closed_at': '2018-02-24T16:00:30Z', 'labels': {'name': 'needs more info'}}
{'issuenumber': 1339, 'title': 'Is there a way to pass a variable into JUnitCore when testing a Class in a Jar?', 'state': 'closed', 'created_at': '2016-07-13T18:04:49Z', 'closed_at': '2018-06-02T23:06:37Z', 'labels': {'name': 'needs more info'}}
{'issuenumber': 1337, 'title': 'Issues with AssumptionViolatedException constructor parameter name', 'state': 'closed', 'created_at': '2016-07-07T20:53:50Z', 'closed_at': '2016-07-18T05:59:23Z', 'labels': {'name': 'javadoc'}}
{'issuenumber': 1334, 'title': 'ExternalResource: the behavior is different than using multiple After methods', 'state': 'closed', 'created_at': '2016-06-28T18:17:52Z', 'closed_at': '2018-06-02T23:10:13Z', 'labels': {'name': 'bug'}}
{'issuenumber': 1332, 'title': 'testSuiteStarted and testSuiteFinished executed twice', 'state': 'closed', 'created_at': '2016-06-23T10:31:45Z', 'closed_at': '2016-06-23T13:02:04Z', 'labels': []}
{'issuenumber': 1329, 'title': "assumeTrue doesn't work in @Parameters methods", 'state': 'closed', 'created_at': '2016-06-17T08:58:35Z', 'closed_at': '2017-06-14T19:06:04Z', 'labels': []}
{'issuenumber': 1328, 'title': 'For Spock and parameterized tests, Description.getMethodName() returns values that are not method names', 'state': 'closed', 'created_at': '2016-06-08T23:25:46Z', 'closed_at': '2018-02-24T16:02:25Z', 'labels': {'name': 'descriptions'}}
{'issuenumber': 1327, 'title': 'One Test Instance for each Parameter value', 'state': 'closed', 'created_at': '2016-06-07T08:30:20Z', 'closed_at': '2016-07-12T05:34:44Z', 'labels': []}
{'issuenumber': 1326, 'title': 'why dropped junit.framework.AssertionFailedError?', 'state': 'closed', 'created_at': '2016-06-06T12:05:39Z', 'closed_at': '2016-06-06T19:18:46Z', 'labels': []}
{'issuenumber': 1325, 'title': 'Result shall take failed assumptions also into account', 'state': 'closed', 'created_at': '2016-06-06T11:57:45Z', 'closed_at': '2016-06-06T12:01:16Z', 'labels': []}
{'issuenumber': 1323, 'title': "Theories and Assumptions doesn't work as expected", 'state': 'closed', 'created_at': '2016-06-03T07:06:51Z', 'closed_at': '2016-06-11T12:31:24Z', 'labels': []}
{'issuenumber': 1322, 'title': '@DataPoints Boolean fails if null is first in array', 'state': 'closed', 'created_at': '2016-06-03T05:03:39Z', 'closed_at': '2016-06-03T05:20:38Z', 'labels': []}
{'issuenumber': 1321, 'title': 'ParentRunner<T>: T is Runner for Suite', 'state': 'closed', 'created_at': '2016-06-02T16:10:30Z', 'closed_at': '2016-06-02T20:17:24Z', 'labels': []}
{'issuenumber': 1320, 'title': 'Request.classes(newTestClass).getRunner().getDescription()', 'state': 'closed', 'created_at': '2016-06-02T01:25:32Z', 'closed_at': '2016-10-31T15:39:37Z', 'labels': {'name': 'bug'}}
{'issuenumber': 1318, 'title': 'Request.filterWith(final Description desiredDescription)', 'state': 'closed', 'created_at': '2016-06-01T14:18:07Z', 'closed_at': '2018-03-08T09:18:35Z', 'labels': {'name': 'javadoc'}}
{'issuenumber': 1316, 'title': 'RunListener implementation questions', 'state': 'closed', 'created_at': '2016-06-01T05:17:00Z', 'closed_at': '2016-06-01T05:30:25Z', 'labels': []}
{'issuenumber': 1309, 'title': 'Regression introduced in TemporaryFolder?', 'state': 'closed', 'created_at': '2016-05-27T16:33:40Z', 'closed_at': '2016-05-29T18:24:17Z', 'labels': []}
{'issuenumber': 1297, 'title': "Can't run our suite of tests in parallel", 'state': 'closed', 'created_at': '2016-05-13T12:22:43Z', 'closed_at': '2017-05-25T04:44:17Z', 'labels': {'name': 'up-for-grabs'}}
{'issuenumber': 1296, 'title': 'JUnit should guarantee execution order of @Rules in test class hierarchies', 'state': 'closed', 'created_at': '2016-05-13T07:19:46Z', 'closed_at': '2016-05-17T10:34:14Z', 'labels': []}
{'issuenumber': 1295, 'title': 'Javadoc for RuleChain contains errors', 'state': 'closed', 'created_at': '2016-05-13T07:07:20Z', 'closed_at': '2016-06-23T19:14:56Z', 'labels': {'name': 'javadoc'}}
{'issuenumber': 1290, 'title': 'Tests annotated with `@Test(expected = AssumptionViolatedException.class)` will be marked as skipped instead of passing', 'state': 'closed', 'created_at': '2016-05-12T23:25:36Z', 'closed_at': '2017-02-14T02:18:09Z', 'labels': {'name': 'bug'}}
{'issuenumber': 1288, 'title': '@RunWith not running with maven', 'state': 'closed', 'created_at': '2016-05-04T14:12:20Z', 'closed_at': '2016-05-04T14:35:34Z', 'labels': []}
{'issuenumber': 1284, 'title': "Could tests that don't match a category be considered 'ignored' so that they show up in the test summary?", 'state': 'closed', 'created_at': '2016-04-25T16:28:28Z', 'closed_at': '2016-07-17T17:54:15Z', 'labels': []}
{'issuenumber': 1278, 'title': 'Test', 'state': 'closed', 'created_at': '2016-04-07T05:17:19Z', 'closed_at': '2016-04-07T05:30:11Z', 'labels': []}
{'issuenumber': 1277, 'title': 'FilterRequest may hide the real failure cause(exception) of a test', 'state': 'closed', 'created_at': '2016-04-07T04:43:59Z', 'closed_at': '2016-04-15T03:59:39Z', 'labels': []}
{'issuenumber': 1276, 'title': 'Test', 'state': 'closed', 'created_at': '2016-04-07T03:25:17Z', 'closed_at': '2016-04-07T04:58:09Z', 'labels': []}
{'issuenumber': 1273, 'title': 'Links to older Javadoc are broken', 'state': 'closed', 'created_at': '2016-03-29T14:46:48Z', 'closed_at': '2016-03-29T20:54:43Z', 'labels': []}
{'issuenumber': 1271, 'title': 'Method copyArray of JUnitCommandLineParseResult class could replace using of ArrayList for primitive array', 'state': 'closed', 'created_at': '2016-03-28T20:09:02Z', 'closed_at': '2016-03-29T19:07:32Z', 'labels': []}
{'issuenumber': 1270, 'title': 'Used only first* from methods marked @Parameters', 'state': 'closed', 'created_at': '2016-03-28T19:20:11Z', 'closed_at': '2016-07-09T05:01:15Z', 'labels': []}
{'issuenumber': 1266, 'title': 'Missing test case for junit.textui.TestRunner', 'state': 'closed', 'created_at': '2016-03-25T00:36:53Z', 'closed_at': '2016-03-25T00:49:59Z', 'labels': []}
{'issuenumber': 1263, 'title': 'I got an error in line 116 in MaxCore class', 'state': 'closed', 'created_at': '2016-03-21T04:04:36Z', 'closed_at': '2016-03-21T21:18:09Z', 'labels': []}
{'issuenumber': 1260, 'title': 'Adding new test causing assertion failures in existing tests', 'state': 'closed', 'created_at': '2016-03-17T11:43:55Z', 'closed_at': '2016-03-21T10:47:19Z', 'labels': {'name': 'needs more info'}}
{'issuenumber': 1258, 'title': 'JavaDoc for TemporaryFolder::delete() documents wrong exception type', 'state': 'closed', 'created_at': '2016-03-15T11:47:08Z', 'closed_at': '2016-03-15T13:52:45Z', 'labels': []}
{'issuenumber': 1257, 'title': 'Fix broken links on FAQ page', 'state': 'closed', 'created_at': '2016-03-13T14:48:25Z', 'closed_at': '2016-03-24T08:00:44Z', 'labels': {'name': 'up-for-grabs'}}
{'issuenumber': 1254, 'title': 'Potential bug with Assert.assertThat or CoreMatchers.hasItem', 'state': 'closed', 'created_at': '2016-03-11T15:47:33Z', 'closed_at': '2016-03-11T17:56:46Z', 'labels': []}
{'issuenumber': 1250, 'title': 'Timeout Test and Rule Annotation bug', 'state': 'closed', 'created_at': '2016-02-26T11:54:07Z', 'closed_at': '2016-05-10T07:08:24Z', 'labels': []}
{'issuenumber': 1249, 'title': 'org.junit.internal.MethodSorter#getDeclaredMethods should also mixin and sort super methods from clazz.getSuperclass()', 'state': 'closed', 'created_at': '2016-02-26T09:43:36Z', 'closed_at': '2016-02-27T01:09:10Z', 'labels': []}
{'issuenumber': 1248, 'title': 'HTTP 404 for http://junit.org/news/index.htm', 'state': 'closed', 'created_at': '2016-02-24T17:03:10Z', 'closed_at': '2016-03-13T14:32:28Z', 'labels': []}
{'issuenumber': 1247, 'title': 'Add easier way to provide parameters for parameterized tests', 'state': 'closed', 'created_at': '2016-02-21T19:22:33Z', 'closed_at': '2016-02-22T07:57:14Z', 'labels': []}
{'issuenumber': 1246, 'title': 'Does it have a easy way to add new annotation associate with old one except for implement annotationfinder?', 'state': 'closed', 'created_at': '2016-02-20T13:07:42Z', 'closed_at': '2016-02-29T08:52:12Z', 'labels': []}
{'issuenumber': 1244, 'title': "Can auto formation  of a string from a number in 'Parameters(name=...)' be replaced with custom format ?  ", 'state': 'closed', 'created_at': '2016-02-14T17:17:55Z', 'closed_at': '2016-02-29T08:49:20Z', 'labels': []}
{'issuenumber': 1243, 'title': "Assume.assumeTrue doesn't work as expected", 'state': 'closed', 'created_at': '2016-02-13T16:29:24Z', 'closed_at': '2016-02-14T14:39:15Z', 'labels': []}
{'issuenumber': 1238, 'title': 'MultipleFailureException should override printStackTrace()', 'state': 'closed', 'created_at': '2016-02-04T17:18:38Z', 'closed_at': '2016-09-18T18:40:43Z', 'labels': {'name': 'bug'}}
{'issuenumber': 1237, 'title': 'how to test some suites by maven', 'state': 'closed', 'created_at': '2016-01-28T09:13:56Z', 'closed_at': '2016-01-30T12:02:21Z', 'labels': []}
{'issuenumber': 1236, 'title': '"after" method of ExternalResource is not called for @ClassRule in case of error in some @Test', 'state': 'closed', 'created_at': '2016-01-27T15:25:08Z', 'closed_at': '2016-10-25T22:11:01Z', 'labels': {'name': 'bug'}}
{'issuenumber': 1235, 'title': 'Rules degrade overall performance', 'state': 'closed', 'created_at': '2016-01-13T17:57:53Z', 'closed_at': '2016-02-10T20:23:17Z', 'labels': []}
{'issuenumber': 1233, 'title': 'Jdk9 Early Access Build 99 issue', 'state': 'closed', 'created_at': '2016-01-02T19:54:30Z', 'closed_at': '2018-03-08T08:46:15Z', 'labels': {'name': 'cleanup'}}
{'issuenumber': 1232, 'title': 'Assume.assumeTrue not working as excepted when called in @Before and @After', 'state': 'closed', 'created_at': '2015-12-28T13:53:35Z', 'closed_at': '2016-02-10T20:17:03Z', 'labels': []}
{'issuenumber': 1231, 'title': 'org.junit.rules.Timeout does skip @After execution', 'state': 'closed', 'created_at': '2015-12-27T12:31:44Z', 'closed_at': '2015-12-28T09:19:19Z', 'labels': []}
{'issuenumber': 1229, 'title': "What's the best practise to parameterize object", 'state': 'closed', 'created_at': '2015-12-19T05:30:52Z', 'closed_at': '2016-05-10T06:54:41Z', 'labels': []}
{'issuenumber': 1226, 'title': 'Allow for String Categories', 'state': 'closed', 'created_at': '2015-12-04T21:03:46Z', 'closed_at': '2016-07-17T18:04:03Z', 'labels': []}
{'issuenumber': 1225, 'title': 'Unit test fails when space in path', 'state': 'closed', 'created_at': '2015-11-30T13:01:25Z', 'closed_at': '2015-11-30T14:54:36Z', 'labels': []}
{'issuenumber': 1224, 'title': "Test case failures are hidden by temporary folder rule's assured deletion failures", 'state': 'closed', 'created_at': '2015-11-27T14:56:54Z', 'closed_at': '2017-05-17T13:22:27Z', 'labels': {'name': 'bug'}}
{'issuenumber': 1223, 'title': "TemporaryFolder doesn't work for parallel test execution in several JVMs", 'state': 'closed', 'created_at': '2015-11-24T10:59:34Z', 'closed_at': '2016-05-24T06:59:27Z', 'labels': []}
{'issuenumber': 1221, 'title': 'RuleChain annotation equivalent', 'state': 'closed', 'created_at': '2015-11-21T01:50:25Z', 'closed_at': '2018-02-13T18:09:17Z', 'labels': {'name': 'feature'}}
{'issuenumber': 1218, 'title': 'before() not being called on @Rule', 'state': 'closed', 'created_at': '2015-11-03T20:30:31Z', 'closed_at': '2015-11-05T06:54:21Z', 'labels': {'name': 'rules'}}
{'issuenumber': 1213, 'title': 'java.security.AccessControlException: access denied ("java.util.PropertyPermission" "user.home" "read") running under security manager, because JUnit forgot to use doPrivileged', 'state': 'closed', 'created_at': '2015-10-22T05:00:23Z', 'closed_at': '2016-10-14T22:19:11Z', 'labels': {'name': 'bug'}}
{'issuenumber': 1212, 'title': 'JUnitCore.runClasses() and @Test(timeout)', 'state': 'closed', 'created_at': '2015-10-21T08:17:47Z', 'closed_at': '2015-10-21T17:59:22Z', 'labels': []}
{'issuenumber': 1207, 'title': 'timeout annotation nor global rule not working as expected', 'state': 'closed', 'created_at': '2015-10-07T16:23:40Z', 'closed_at': '2016-05-10T07:00:21Z', 'labels': []}
{'issuenumber': 1203, 'title': 'Test with @Category on method not executable as "JUnit plug-in Test"', 'state': 'closed', 'created_at': '2015-09-23T09:08:48Z', 'closed_at': '2015-09-24T15:28:27Z', 'labels': []}
{'issuenumber': 1198, 'title': 'test spring4 restful controller with junit 4.12 question', 'state': 'closed', 'created_at': '2015-09-03T10:30:34Z', 'closed_at': '2015-09-03T12:29:09Z', 'labels': []}
{'issuenumber': 1197, 'title': 'Tests with assumption violations are not represented in the result ignore count', 'state': 'closed', 'created_at': '2015-08-30T13:29:40Z', 'closed_at': '2016-05-10T07:00:44Z', 'labels': []}
{'issuenumber': 1193, 'title': 'Implementations of RunnerBuilder#runnerForClass/safeRunnerForClass(...) return null', 'state': 'closed', 'created_at': '2015-08-24T16:34:21Z', 'closed_at': '2016-05-10T07:02:58Z', 'labels': []}
{'issuenumber': 1192, 'title': 'NotSerializableException with AssumptionViolatedException', 'state': 'closed', 'created_at': '2015-08-21T08:49:27Z', 'closed_at': '2021-01-11T05:26:43Z', 'labels': {'name': 'bug'}}
{'issuenumber': 1189, 'title': 'JUnit4TestAdapter blocks JUnit-3-style suites that are included via @RunWith(Suite.class)', 'state': 'closed', 'created_at': '2015-08-12T14:31:16Z', 'closed_at': '2016-10-08T18:13:23Z', 'labels': {'name': 'bug'}}
{'issuenumber': 1185, 'title': 'Where is org.junit.internal.runners.TestClassRunner?', 'state': 'closed', 'created_at': '2015-07-28T10:29:10Z', 'closed_at': '2015-07-28T14:45:30Z', 'labels': []}
{'issuenumber': 1182, 'title': 'Rename leftover fields with f-prefix', 'state': 'closed', 'created_at': '2015-07-09T18:30:18Z', 'closed_at': '2016-07-17T18:20:30Z', 'labels': []}
{'issuenumber': 1178, 'title': 'Null Pointer exception assertArrayEquals with no message.', 'state': 'closed', 'created_at': '2015-07-07T18:02:59Z', 'closed_at': '2016-07-17T12:31:09Z', 'labels': {'name': 'bug'}}
{'issuenumber': 1177, 'title': 'Discerning test failures which are not genuine', 'state': 'closed', 'created_at': '2015-07-07T02:33:58Z', 'closed_at': '2016-07-17T18:24:59Z', 'labels': []}
{'issuenumber': 1169, 'title': 'Throwing MultipleFailureException with empty list of throwables forces test to pass ', 'state': 'closed', 'created_at': '2015-06-30T03:08:15Z', 'closed_at': '2017-05-17T13:19:35Z', 'labels': []}
{'issuenumber': 1166, 'title': 'Allow custom behaviour for Description.testCount()', 'state': 'closed', 'created_at': '2015-06-19T09:26:32Z', 'closed_at': '2016-04-13T14:47:06Z', 'labels': []}
{'issuenumber': 1165, 'title': '@Test(timeout) replaces original caller Thread', 'state': 'closed', 'created_at': '2015-06-18T14:01:53Z', 'closed_at': '2015-06-18T14:14:54Z', 'labels': []}
{'issuenumber': 1162, 'title': 'junit.org start page really needs a "License" link', 'state': 'closed', 'created_at': '2015-06-09T10:30:48Z', 'closed_at': '2015-09-28T17:57:51Z', 'labels': []}
{'issuenumber': 1161, 'title': 'JUnit needs a better story for extensibility', 'state': 'closed', 'created_at': '2015-06-08T01:26:18Z', 'closed_at': '2016-11-30T05:10:54Z', 'labels': []}
{'issuenumber': 1159, 'title': 'FTBFS with JDK9', 'state': 'closed', 'created_at': '2015-06-07T18:36:56Z', 'closed_at': '2015-06-08T17:20:17Z', 'labels': []}
{'issuenumber': 1151, 'title': 'Assert true/false with multiple conditions', 'state': 'closed', 'created_at': '2015-05-28T12:19:38Z', 'closed_at': '2015-05-28T15:03:41Z', 'labels': []}
{'issuenumber': 1146, 'title': 'Update to Java 7', 'state': 'closed', 'created_at': '2015-05-22T18:35:52Z', 'closed_at': '2015-05-30T15:17:04Z', 'labels': []}
{'issuenumber': 1142, 'title': 'Ability to Configure custom Comparison Tool', 'state': 'closed', 'created_at': '2015-05-13T17:15:25Z', 'closed_at': '2015-05-13T17:51:16Z', 'labels': []}
{'issuenumber': 1139, 'title': 'isTestMethod in TestSuite does not recognize @Test annotation', 'state': 'closed', 'created_at': '2015-05-08T08:43:27Z', 'closed_at': '2015-05-10T05:47:37Z', 'labels': []}
{'issuenumber': 1133, 'title': 'Add lazy evaluation for assertion messages', 'state': 'closed', 'created_at': '2015-04-29T15:57:58Z', 'closed_at': '2016-05-02T11:46:26Z', 'labels': []}
{'issuenumber': 1132, 'title': "Add copyright header to each source files to pass Debian's licensecheck.pl script", 'state': 'closed', 'created_at': '2015-04-28T08:14:39Z', 'closed_at': '2015-05-23T18:23:12Z', 'labels': []}
{'issuenumber': 1127, 'title': 'Show contents actual array when array lengths differ.', 'state': 'closed', 'created_at': '2015-04-19T08:51:51Z', 'closed_at': '2017-06-14T16:57:34Z', 'labels': []}
{'issuenumber': 1113, 'title': "Explain what expected parameter of org.junit.Test does if exception isn't thrown", 'state': 'closed', 'created_at': '2015-04-05T20:44:01Z', 'closed_at': '2015-04-05T20:45:13Z', 'labels': []}
{'issuenumber': 1110, 'title': 'StopWatch does not need to be Abstract', 'state': 'closed', 'created_at': '2015-04-02T17:11:37Z', 'closed_at': '2015-04-05T12:01:30Z', 'labels': []}
{'issuenumber': 1109, 'title': 'Use Mockito in the internal tests', 'state': 'closed', 'created_at': '2015-04-01T15:26:50Z', 'closed_at': '2015-04-01T16:19:31Z', 'labels': []}
{'issuenumber': 1108, 'title': 'how use multiples runners at same time', 'state': 'closed', 'created_at': '2015-03-31T19:18:17Z', 'closed_at': '2015-04-02T17:29:53Z', 'labels': []}
{'issuenumber': 1106, 'title': 'ExpectedException Cannot Be Chained After MethodRules', 'state': 'closed', 'created_at': '2015-03-30T05:55:22Z', 'closed_at': '2017-04-06T01:47:20Z', 'labels': []}
{'issuenumber': 1104, 'title': 'MultipleFailureException produces duplicated exceptions.', 'state': 'closed', 'created_at': '2015-03-26T09:25:50Z', 'closed_at': '2015-06-14T13:00:33Z', 'labels': []}
{'issuenumber': 1103, 'title': 'Junit should come with predefined Category classes to use as @Category to cover frequent usecases', 'state': 'closed', 'created_at': '2015-03-25T13:28:19Z', 'closed_at': '2015-03-31T19:47:42Z', 'labels': []}
{'issuenumber': 1102, 'title': 'Running Classes using ParallelComputer is not generating reports ', 'state': 'closed', 'created_at': '2015-03-25T13:18:25Z', 'closed_at': '2015-03-26T15:28:56Z', 'labels': []}
{'issuenumber': 1100, 'title': 'JUnit38ClassRunner does not recognize AssumptionViolationException', 'state': 'closed', 'created_at': '2015-03-17T17:54:50Z', 'closed_at': '2015-03-18T02:31:34Z', 'labels': []}
{'issuenumber': 1090, 'title': '@Ignore status changes to incomplete, if there is an exception in @BeforeClass method', 'state': 'closed', 'created_at': '2015-03-05T14:01:38Z', 'closed_at': '2017-01-25T15:03:26Z', 'labels': []}
{'issuenumber': 1088, 'title': "Add naive Fibonacci implementation to the example in Parameterized's javadoc.", 'state': 'closed', 'created_at': '2015-03-04T16:06:56Z', 'closed_at': '2015-04-13T16:17:33Z', 'labels': {'name': 'parameterized'}}
{'issuenumber': 1083, 'title': 'junit 4.12 is incompatible with cucumber-junit 1.2.0', 'state': 'closed', 'created_at': '2015-02-19T11:04:38Z', 'closed_at': '2017-08-06T23:58:04Z', 'labels': {'name': 'bug'}}
{'issuenumber': 1081, 'title': 'enhancement: assertRelativeError', 'state': 'closed', 'created_at': '2015-02-06T21:20:37Z', 'closed_at': '2017-01-26T15:16:51Z', 'labels': []}
{'issuenumber': 1079, 'title': 'JUnit 5.0 API backwards compatibility', 'state': 'closed', 'created_at': '2015-02-01T12:25:11Z', 'closed_at': '2016-11-30T05:16:24Z', 'labels': []}
{'issuenumber': 1078, 'title': '@Test annotations on interface default methods', 'state': 'closed', 'created_at': '2015-01-31T02:07:24Z', 'closed_at': '2016-03-19T17:55:08Z', 'labels': []}
{'issuenumber': 1075, 'title': 'Swing UI', 'state': 'closed', 'created_at': '2015-01-28T08:15:17Z', 'closed_at': '2015-01-28T12:21:49Z', 'labels': []}
{'issuenumber': 1073, 'title': 'Backwards wildcard bound on ExpectedException.expectCause()', 'state': 'closed', 'created_at': '2015-01-20T21:29:49Z', 'closed_at': '2016-12-01T20:35:45Z', 'labels': {'name': 'bug'}}
{'issuenumber': 1067, 'title': 'Reminder: Update @since Javadoc tags if we decide to skip 4.13', 'state': 'closed', 'created_at': '2015-01-11T14:32:37Z', 'closed_at': '2016-11-30T05:20:39Z', 'labels': []}
{'issuenumber': 1066, 'title': 'Exceptions thrown from methodBlock() result in the failing method being unrooted in test reports', 'state': 'closed', 'created_at': '2015-01-10T18:27:33Z', 'closed_at': '2015-03-01T16:55:22Z', 'labels': {'name': 'regression'}}
{'issuenumber': 1059, 'title': 'DbUnit tests work in 4.11 but fail in 4.12', 'state': 'closed', 'created_at': '2015-01-03T15:34:12Z', 'closed_at': '2015-01-04T00:20:05Z', 'labels': []}
{'issuenumber': 1058, 'title': 'issue with theories under junit12', 'state': 'closed', 'created_at': '2014-12-30T18:27:53Z', 'closed_at': '2014-12-31T13:42:49Z', 'labels': []}
{'issuenumber': 1056, 'title': 'Generics problem in assertThat(T actual, Matcher<T> matcher)?', 'state': 'closed', 'created_at': '2014-12-29T09:22:33Z', 'closed_at': '2014-12-29T14:55:56Z', 'labels': {'name': 'hamcrest'}}
{'issuenumber': 1052, 'title': 'Delete deprecated junit.framework.Assert class', 'state': 'closed', 'created_at': '2014-12-20T14:37:28Z', 'closed_at': '2015-01-27T15:28:00Z', 'labels': []}
{'issuenumber': 1046, 'title': 'Possible to reuse TestClass instances in parameterized tests?', 'state': 'closed', 'created_at': '2014-12-16T16:52:49Z', 'closed_at': '2017-05-26T06:01:21Z', 'labels': {'name': 'parameterized'}}
{'issuenumber': 1045, 'title': 'Add @Rule(around="otherRule") to specify order', 'state': 'closed', 'created_at': '2014-12-13T08:10:06Z', 'closed_at': '2017-02-13T20:24:53Z', 'labels': []}
{'issuenumber': 1036, 'title': 'Overriding methodBlock (customising test object for each FrameworkMethod call)', 'state': 'closed', 'created_at': '2014-12-01T17:23:18Z', 'closed_at': '2014-12-07T14:23:36Z', 'labels': []}
{'issuenumber': 1035, 'title': 'Generate Javadoc cross-reference pages; use javadoc\'s "-use" option', 'state': 'closed', 'created_at': '2014-11-29T06:43:54Z', 'closed_at': '2014-12-21T15:00:42Z', 'labels': {'name': 'up-for-grabs'}}
{'issuenumber': 1034, 'title': 'junit4.11.zip Javadoc renders badlly; out-of-sync stylesheet?', 'state': 'closed', 'created_at': '2014-11-29T06:23:50Z', 'closed_at': '2014-11-29T20:08:58Z', 'labels': []}
{'issuenumber': 1032, 'title': 'Fork Hamcrest and Make Part of JUnit', 'state': 'closed', 'created_at': '2014-11-19T00:33:17Z', 'closed_at': '2014-11-19T19:00:59Z', 'labels': []}
{'issuenumber': 1030, 'title': 'assertTrue()/assertFalse() should include an error message by default', 'state': 'closed', 'created_at': '2014-11-10T18:02:44Z', 'closed_at': '2014-12-13T19:24:15Z', 'labels': []}
{'issuenumber': 1023, 'title': 'Missing javadocs at http://junit-team.github.io/junit/javadoc/', 'state': 'closed', 'created_at': '2014-11-07T15:35:35Z', 'closed_at': '2016-03-29T20:52:10Z', 'labels': []}
{'issuenumber': 1019, 'title': 'Add validation check that @ClassRule can only return an implementation of TestRule', 'state': 'closed', 'created_at': '2014-11-02T17:43:28Z', 'closed_at': '2014-11-05T08:29:58Z', 'labels': []}
{'issuenumber': 1016, 'title': 'Add validation check for the return value of methods annotated with @Rule ', 'state': 'closed', 'created_at': '2014-11-01T18:27:46Z', 'closed_at': '2014-11-02T03:13:52Z', 'labels': {'name': 'up-for-grabs'}}
{'issuenumber': 1014, 'title': 'JUnit hangs if a null value is in a Parameters name {} parameter', 'state': 'closed', 'created_at': '2014-10-31T01:37:45Z', 'closed_at': '2014-11-08T00:53:01Z', 'labels': {'name': 'bug'}}
{'issuenumber': 1012, 'title': 'JUnit should evaluate the ExpectedException and such always as the very last in the rule chain!', 'state': 'closed', 'created_at': '2014-10-22T07:28:05Z', 'closed_at': '2014-10-22T08:19:48Z', 'labels': []}
{'issuenumber': 1011, 'title': 'assertEquals and assertThat methods are not consistent for double parameters', 'state': 'closed', 'created_at': '2014-10-21T11:05:11Z', 'closed_at': '2014-10-21T20:13:16Z', 'labels': []}
{'issuenumber': 1003, 'title': 'JUnit reports duplicate failures when running test suite', 'state': 'closed', 'created_at': '2014-10-11T20:59:59Z', 'closed_at': '2014-12-02T00:41:57Z', 'labels': []}
{'issuenumber': 1001, 'title': 'Make TemporaryFolder optionally more strict', 'state': 'closed', 'created_at': '2014-09-29T11:43:53Z', 'closed_at': '2015-01-23T18:51:20Z', 'labels': {'name': 'rules'}}
{'issuenumber': 997, 'title': 'Junit testing issue', 'state': 'closed', 'created_at': '2014-09-25T14:19:05Z', 'closed_at': '2014-09-25T14:30:53Z', 'labels': []}
{'issuenumber': 996, 'title': 'Remove files not updated by maven-site-plugin from gh-pages branch', 'state': 'closed', 'created_at': '2014-09-25T14:08:28Z', 'closed_at': '2014-11-05T06:54:37Z', 'labels': []}
{'issuenumber': 995, 'title': 'Update index of Maven site', 'state': 'closed', 'created_at': '2014-09-25T14:06:50Z', 'closed_at': '2014-10-21T07:52:45Z', 'labels': []}
{'issuenumber': 991, 'title': 'Enable Sourcegraph', 'state': 'closed', 'created_at': '2014-09-16T19:00:59Z', 'closed_at': '2014-09-24T19:28:14Z', 'labels': []}
{'issuenumber': 983, 'title': 'ErrorCollector is not working for me - can it run using Cucumber Runner class?', 'state': 'closed', 'created_at': '2014-09-04T17:47:40Z', 'closed_at': '2014-09-05T16:45:57Z', 'labels': []}
{'issuenumber': 976, 'title': 'ComparisonFailure reports all failures as "expected: null<null> but was: null<null>"', 'state': 'closed', 'created_at': '2014-08-13T14:43:49Z', 'closed_at': '2014-09-25T14:05:18Z', 'labels': []}
{'issuenumber': 975, 'title': 'Add JUnitSystem.exit() back', 'state': 'closed', 'created_at': '2014-08-12T19:27:26Z', 'closed_at': '2014-09-12T22:56:57Z', 'labels': []}
{'issuenumber': 971, 'title': '@Theory as a provider for @DataPoint instances', 'state': 'closed', 'created_at': '2014-08-04T09:21:58Z', 'closed_at': '2014-12-12T17:17:15Z', 'labels': []}
{'issuenumber': 970, 'title': 'Broken link at Java contract test helpers wiki page', 'state': 'closed', 'created_at': '2014-08-03T13:57:46Z', 'closed_at': '2014-08-03T15:33:43Z', 'labels': {'name': 'wiki'}}
{'issuenumber': 965, 'title': 'Cannot build project using junit r4.12-beta-1', 'state': 'closed', 'created_at': '2014-07-28T13:06:15Z', 'closed_at': '2014-07-28T19:16:12Z', 'labels': {'name': 'maven'}}
{'issuenumber': 964, 'title': 'Release build fails due to failure uploading Maven site', 'state': 'closed', 'created_at': '2014-07-27T20:56:54Z', 'closed_at': '2014-07-28T19:23:57Z', 'labels': []}
{'issuenumber': 963, 'title': 'FailOnTimeoutTest often fails on CloudBees', 'state': 'closed', 'created_at': '2014-07-27T19:35:06Z', 'closed_at': '2014-07-28T21:07:58Z', 'labels': []}
{'issuenumber': 960, 'title': 'Could not execute tests with JUnit 4.12 in IntelliJ Idea', 'state': 'closed', 'created_at': '2014-07-22T08:30:04Z', 'closed_at': '2014-07-24T09:20:49Z', 'labels': {'name': 'blocking'}}
{'issuenumber': 951, 'title': '@Before should run in same thread as test when using @Test(timeout=timeMs)', 'state': 'closed', 'created_at': '2014-07-12T11:41:59Z', 'closed_at': '2014-07-28T22:07:37Z', 'labels': []}
{'issuenumber': 950, 'title': 'why ErrorCollector not work in Junit 4.11', 'state': 'closed', 'created_at': '2014-07-11T09:14:21Z', 'closed_at': '2014-07-14T01:22:04Z', 'labels': []}
{'issuenumber': 946, 'title': 'TemporaryFolder.newFolder(String/String...) gives a poor error message when passed paths that contain slashes', 'state': 'closed', 'created_at': '2014-06-30T17:25:59Z', 'closed_at': '2014-08-13T14:22:02Z', 'labels': {'name': 'up-for-grabs'}}
{'issuenumber': 944, 'title': 'List of Exception Management Anti-Patterns and Code Smells ', 'state': 'closed', 'created_at': '2014-06-29T10:21:11Z', 'closed_at': '2014-06-29T16:41:41Z', 'labels': []}
{'issuenumber': 942, 'title': 'Broken link in wiki', 'state': 'closed', 'created_at': '2014-06-29T05:40:47Z', 'closed_at': '2014-06-29T07:40:55Z', 'labels': []}
{'issuenumber': 940, 'title': 'Enable Travis CI on junit-team/junit', 'state': 'closed', 'created_at': '2014-06-24T19:26:07Z', 'closed_at': '2014-06-25T06:37:40Z', 'labels': []}
{'issuenumber': 934, 'title': "Theory failures don't report object, just index", 'state': 'closed', 'created_at': '2014-06-22T17:53:55Z', 'closed_at': '2014-12-06T21:09:44Z', 'labels': []}
{'issuenumber': 933, 'title': 'Feature Request : Verify expected message on assertion', 'state': 'closed', 'created_at': '2014-06-17T11:49:20Z', 'closed_at': '2014-06-18T07:15:49Z', 'labels': {'name': 'abandoned'}}
{'issuenumber': 929, 'title': 'Duplicate file error while using jUnit in Android apps', 'state': 'closed', 'created_at': '2014-06-10T09:19:03Z', 'closed_at': '2014-06-24T18:58:10Z', 'labels': {'name': 'up-for-grabs'}}
{'issuenumber': 917, 'title': 'Enhancement: Add test priority/level controls', 'state': 'closed', 'created_at': '2014-05-20T10:15:19Z', 'closed_at': '2014-06-15T17:10:35Z', 'labels': []}
{'issuenumber': 916, 'title': 'Looking for design advice: trimming number of combinations of theory parameters?', 'state': 'closed', 'created_at': '2014-05-19T18:11:40Z', 'closed_at': '2014-10-21T19:37:12Z', 'labels': {'name': 'theories'}}
{'issuenumber': 915, 'title': 'Add "Verify" functionality in addition to "asserts"', 'state': 'closed', 'created_at': '2014-05-14T19:03:52Z', 'closed_at': '2014-06-18T14:31:39Z', 'labels': {'name': 'abandoned'}}
{'issuenumber': 906, 'title': 'TestWatcher.failed should be called before @After methods', 'state': 'closed', 'created_at': '2014-05-07T11:10:50Z', 'closed_at': '2014-06-15T17:19:27Z', 'labels': {'name': 'rules'}}
{'issuenumber': 901, 'title': 'Allow higher JDK version with Java compiler 1.5', 'state': 'closed', 'created_at': '2014-05-03T07:16:37Z', 'closed_at': '2015-01-14T19:19:02Z', 'labels': []}
{'issuenumber': 894, 'title': 'ParentRunner swallows AssumptionViolationExceptions and notifies as ignored instead of skipped', 'state': 'closed', 'created_at': '2014-05-01T15:00:18Z', 'closed_at': '2014-05-05T16:49:17Z', 'labels': {'name': 'bug'}}
{'issuenumber': 893, 'title': 'Timeout @Rule and @Test(timeout = ...) behave differently', 'state': 'closed', 'created_at': '2014-04-30T18:57:40Z', 'closed_at': '2014-04-30T19:00:03Z', 'labels': []}
{'issuenumber': 892, 'title': 'Description.getMethodName() returns null when parameterized test contains line terminators in name', 'state': 'closed', 'created_at': '2014-04-29T14:36:53Z', 'closed_at': '2014-05-14T22:15:10Z', 'labels': []}
{'issuenumber': 889, 'title': 'assertEquals and reference equality', 'state': 'closed', 'created_at': '2014-04-26T16:18:51Z', 'closed_at': '2014-04-26T16:21:11Z', 'labels': []}
{'issuenumber': 888, 'title': 'assertEquals and reference equality', 'state': 'closed', 'created_at': '2014-04-26T16:18:09Z', 'closed_at': '2014-04-26T17:23:53Z', 'labels': []}
{'issuenumber': 880, 'title': 'Allow static @Rule declarations', 'state': 'closed', 'created_at': '2014-04-21T12:10:03Z', 'closed_at': '2014-05-03T12:01:50Z', 'labels': {'name': 'rules'}}
{'issuenumber': 878, 'title': 'No version in manifest', 'state': 'closed', 'created_at': '2014-04-17T14:54:15Z', 'closed_at': '2014-04-22T08:11:37Z', 'labels': []}
{'issuenumber': 877, 'title': 'NotReallyATest ', 'state': 'closed', 'created_at': '2014-04-15T16:04:11Z', 'closed_at': '2014-07-13T01:49:03Z', 'labels': []}
{'issuenumber': 875, 'title': 'Change in behavior for Timeout Rule in 4.12', 'state': 'closed', 'created_at': '2014-04-14T15:09:59Z', 'closed_at': '2017-01-22T23:32:03Z', 'labels': []}
{'issuenumber': 873, 'title': 'A link describing the usage of Test runner for console in the wiki is no longer available ', 'state': 'closed', 'created_at': '2014-04-13T11:16:38Z', 'closed_at': '2014-11-02T03:23:31Z', 'labels': []}
{'issuenumber': 872, 'title': 'Hamcrest-all 1.3 with JUnit 4.11 throws exception', 'state': 'closed', 'created_at': '2014-04-09T11:39:24Z', 'closed_at': '2014-04-09T13:08:17Z', 'labels': {'name': 'hamcrest'}}
{'issuenumber': 868, 'title': 'When will Junit 4.12 be released?', 'state': 'closed', 'created_at': '2014-04-08T11:31:20Z', 'closed_at': '2014-06-15T17:20:28Z', 'labels': []}
{'issuenumber': 864, 'title': "Could we remove deprecation from array's assertEquals?", 'state': 'closed', 'created_at': '2014-04-04T20:11:27Z', 'closed_at': '2014-06-15T17:12:19Z', 'labels': []}
{'issuenumber': 861, 'title': 'Is it possible to reincarnate assertEquals(double,double)/assertEquals(float,float)?', 'state': 'closed', 'created_at': '2014-04-04T12:03:17Z', 'closed_at': '2014-06-15T17:12:35Z', 'labels': []}
{'issuenumber': 860, 'title': "Mistake in 'Assertions' Wiki page", 'state': 'closed', 'created_at': '2014-04-01T08:25:02Z', 'closed_at': '2014-04-01T11:27:08Z', 'labels': []}
{'issuenumber': 855, 'title': 'FrameworkMethod has awkward dependency on ParameterSignature', 'state': 'closed', 'created_at': '2014-03-27T19:55:52Z', 'closed_at': '2014-03-29T00:26:31Z', 'labels': []}
{'issuenumber': 847, 'title': 'Failed ExpectedExpection does not show the stacktrace of the actual exception', 'state': 'closed', 'created_at': '2014-03-20T22:20:03Z', 'closed_at': '2014-12-06T21:13:36Z', 'labels': []}
{'issuenumber': 844, 'title': 'java.awt.HeadlessException:  No X11 DISPLAY variable was set during Bamboo build in a class which extends java.applet.Applet', 'state': 'closed', 'created_at': '2014-03-13T14:11:31Z', 'closed_at': '2014-03-13T16:32:39Z', 'labels': []}
{'issuenumber': 843, 'title': 'BlockJUnit4ClassRunner#withRules is private', 'state': 'closed', 'created_at': '2014-03-11T12:58:51Z', 'closed_at': '2014-06-15T17:13:50Z', 'labels': []}
{'issuenumber': 842, 'title': 'JUnit 4/5 api suggestions', 'state': 'closed', 'created_at': '2014-03-11T02:40:04Z', 'closed_at': '2014-03-15T15:38:14Z', 'labels': []}
{'issuenumber': 840, 'title': 'Junit 4/5 api to count asserts and allow ant to write test report the way it used to using JUnit 3', 'state': 'closed', 'created_at': '2014-03-11T01:59:59Z', 'closed_at': '2014-03-11T17:57:14Z', 'labels': []}
{'issuenumber': 838, 'title': 'Provide an API to get a count of assertion methods called', 'state': 'closed', 'created_at': '2014-03-11T00:25:32Z', 'closed_at': '2014-03-12T19:05:10Z', 'labels': []}
{'issuenumber': 837, 'title': 'Feature: assertThrows(...) to check for expected exceptions', 'state': 'closed', 'created_at': '2014-03-06T22:40:48Z', 'closed_at': '2014-03-08T07:10:44Z', 'labels': []}
{'issuenumber': 832, 'title': 'JavaDoc docs not working', 'state': 'closed', 'created_at': '2014-02-21T21:29:53Z', 'closed_at': '2014-07-03T07:41:43Z', 'labels': {'name': 'javadoc'}}
{'issuenumber': 830, 'title': 'Add Javadoc for org.junit.experimental.theories.Theory', 'state': 'closed', 'created_at': '2014-02-21T08:40:23Z', 'closed_at': '2014-09-27T15:14:20Z', 'labels': {'name': 'up-for-grabs'}}
{'issuenumber': 825, 'title': 'JUnitMatchers either() Javadoc incorrect', 'state': 'closed', 'created_at': '2014-02-17T18:39:39Z', 'closed_at': '2014-02-17T19:29:31Z', 'labels': []}
{'issuenumber': 816, 'title': 'Runner should be able to register itself with the Computer', 'state': 'closed', 'created_at': '2014-02-09T12:31:23Z', 'closed_at': '2014-04-30T15:38:11Z', 'labels': []}
{'issuenumber': 813, 'title': 'JUnit Download Page Has Broken Links', 'state': 'closed', 'created_at': '2014-02-06T00:49:27Z', 'closed_at': '2014-02-07T19:27:48Z', 'labels': []}
{'issuenumber': 809, 'title': 'Document in @Parameters javadoc that method must be public static', 'state': 'closed', 'created_at': '2014-02-03T17:10:26Z', 'closed_at': '2014-02-04T00:52:46Z', 'labels': []}
{'issuenumber': 807, 'title': '4.13', 'state': 'closed', 'created_at': '2014-01-24T07:40:19Z', 'closed_at': '2014-01-24T15:43:39Z', 'labels': []}
{'issuenumber': 806, 'title': 'Update Test annotation Javadoc to mention ExpectedException', 'state': 'closed', 'created_at': '2014-01-24T07:21:42Z', 'closed_at': '2014-02-04T00:53:57Z', 'labels': {'name': 'javadoc'}}
{'issuenumber': 803, 'title': 'Confusing error message when the length of two multidimensional arrays are not equal', 'state': 'closed', 'created_at': '2014-01-19T21:09:14Z', 'closed_at': '2015-01-04T19:47:23Z', 'labels': []}
{'issuenumber': 802, 'title': "Can't override runners for Parameterized Test", 'state': 'closed', 'created_at': '2014-01-15T19:49:05Z', 'closed_at': '2015-04-23T07:16:34Z', 'labels': {'name': 'parameterized'}}
{'issuenumber': 800, 'title': "DOCO: Link to 'View Javadoc' broken in github site", 'state': 'closed', 'created_at': '2014-01-10T17:43:00Z', 'closed_at': '2014-12-06T21:24:12Z', 'labels': []}
{'issuenumber': 788, 'title': 'Latest Javadoc does not have assertNotEquals methods', 'state': 'closed', 'created_at': '2013-12-16T20:08:48Z', 'closed_at': '2014-02-07T05:53:28Z', 'labels': []}
{'issuenumber': 783, 'title': 'i have found a spelling mistake ', 'state': 'closed', 'created_at': '2013-12-05T08:01:19Z', 'closed_at': '2014-01-29T07:14:37Z', 'labels': []}
{'issuenumber': 779, 'title': 'The difference between errors and failures in TestWatcher', 'state': 'closed', 'created_at': '2013-12-02T08:56:54Z', 'closed_at': '2014-07-13T01:30:28Z', 'labels': []}
{'issuenumber': 771, 'title': 'Throw TimeoutException when test fails with timeout', 'state': 'closed', 'created_at': '2013-11-22T22:12:11Z', 'closed_at': '2014-02-18T17:27:20Z', 'labels': []}
{'issuenumber': 766, 'title': 'Add support for test pre-processors', 'state': 'closed', 'created_at': '2013-11-19T21:19:54Z', 'closed_at': '2017-01-22T10:31:10Z', 'labels': []}
{'issuenumber': 761, 'title': 'Category annotations on individual methods with Parameterized classes', 'state': 'closed', 'created_at': '2013-11-08T19:35:28Z', 'closed_at': '2015-07-25T19:58:54Z', 'labels': {'name': 'parameterized'}}
{'issuenumber': 757, 'title': "junit-dep on Sonatype's snapshot repository is broken.", 'state': 'closed', 'created_at': '2013-10-29T20:51:28Z', 'closed_at': '2014-02-07T19:39:23Z', 'labels': []}
{'issuenumber': 751, 'title': 'Parameterized runner hides Category annotation', 'state': 'closed', 'created_at': '2013-10-18T13:22:37Z', 'closed_at': '2015-06-04T15:19:08Z', 'labels': {'name': 'up-for-grabs'}}
{'issuenumber': 749, 'title': 'Expected exception: org.junit.runners.model.InitializationError', 'state': 'closed', 'created_at': '2013-10-14T23:37:01Z', 'closed_at': '2014-04-23T07:59:15Z', 'labels': []}
{'issuenumber': 746, 'title': 'Assert.fail() should have a return type of AssertionError, not void.', 'state': 'closed', 'created_at': '2013-10-09T20:26:18Z', 'closed_at': '2013-10-10T02:02:04Z', 'labels': []}
{'issuenumber': 741, 'title': 'Printing of StackTrace to console when using CDI', 'state': 'closed', 'created_at': '2013-09-25T17:33:09Z', 'closed_at': '2013-09-26T13:17:56Z', 'labels': []}
{'issuenumber': 740, 'title': 'Hierarchical grouping of methods and classes as files and folders', 'state': 'closed', 'created_at': '2013-09-19T15:11:28Z', 'closed_at': '2013-09-20T12:00:58Z', 'labels': []}
{'issuenumber': 738, 'title': 'Add an option to ignore timeouts', 'state': 'closed', 'created_at': '2013-09-17T15:58:20Z', 'closed_at': '2014-12-06T21:13:48Z', 'labels': []}
{'issuenumber': 732, 'title': 'Context Hierarchies for JUnit', 'state': 'closed', 'created_at': '2013-09-10T19:27:53Z', 'closed_at': '2013-09-28T13:48:06Z', 'labels': []}
{'issuenumber': 729, 'title': 'Resource leak in BaseTestRunner.java', 'state': 'closed', 'created_at': '2013-09-01T03:07:48Z', 'closed_at': '2013-09-06T20:52:54Z', 'labels': []}
{'issuenumber': 728, 'title': 'Make Enclosed runner not try to run the tests in static nested classes without test methods', 'state': 'closed', 'created_at': '2013-08-24T07:06:45Z', 'closed_at': '2022-07-26T06:30:27Z', 'labels': []}
{'issuenumber': 727, 'title': 'Timeout exceptions should have stack trace from stuck thread', 'state': 'closed', 'created_at': '2013-08-23T13:57:18Z', 'closed_at': '2014-07-28T23:03:37Z', 'labels': {'name': 'up-for-grabs'}}
{'issuenumber': 726, 'title': 'IgnoredClassRunner should implement Filterable', 'state': 'closed', 'created_at': '2013-08-22T18:40:31Z', 'closed_at': '2013-10-31T00:15:45Z', 'labels': {'name': 'up-for-grabs'}}
{'issuenumber': 722, 'title': 'Exception assertions improvement.', 'state': 'closed', 'created_at': '2013-08-19T20:06:07Z', 'closed_at': '2017-02-28T00:45:58Z', 'labels': []}
{'issuenumber': 719, 'title': 'Link broken at https://github.com/junit-team/junit/wiki/Continuous-testing', 'state': 'closed', 'created_at': '2013-08-15T23:46:27Z', 'closed_at': '2013-09-12T11:31:24Z', 'labels': []}
{'issuenumber': 718, 'title': 'Link broken at https://github.com/junit-team/junit/wiki/Continuous-testing', 'state': 'closed', 'created_at': '2013-08-15T23:43:39Z', 'closed_at': '2014-01-24T07:38:42Z', 'labels': []}
{'issuenumber': 717, 'title': 'Link broken at https://github.com/junit-team/junit/wiki/Continuous-testing', 'state': 'closed', 'created_at': '2013-08-15T23:43:01Z', 'closed_at': '2013-09-16T23:49:43Z', 'labels': []}
{'issuenumber': 714, 'title': 'Introduce ExpectedException.expectRootCause', 'state': 'closed', 'created_at': '2013-08-07T10:03:01Z', 'closed_at': '2014-09-08T15:29:13Z', 'labels': []}
{'issuenumber': 713, 'title': 'JUnit Tests are running concurrently', 'state': 'closed', 'created_at': '2013-08-01T23:34:05Z', 'closed_at': '2014-12-06T21:28:14Z', 'labels': {'name': 'needs more info'}}
{'issuenumber': 712, 'title': 'Enclosed-Runner tries to run all enclosed classes', 'state': 'closed', 'created_at': '2013-07-31T08:31:53Z', 'closed_at': '2014-07-13T01:26:29Z', 'labels': []}
{'issuenumber': 708, 'title': 'org.junit.Assert assertEquals Bug introduced in 4.11', 'state': 'closed', 'created_at': '2013-07-29T10:39:07Z', 'closed_at': '2014-01-29T07:12:23Z', 'labels': []}
{'issuenumber': 707, 'title': 'a', 'state': 'closed', 'created_at': '2013-07-24T00:07:01Z', 'closed_at': '2013-07-24T10:27:55Z', 'labels': []}
{'issuenumber': 706, 'title': 'New Method Proposal: ExpectedException#expect(Throwable, Callable)', 'state': 'closed', 'created_at': '2013-07-20T10:30:44Z', 'closed_at': '2016-11-30T05:23:23Z', 'labels': []}
{'issuenumber': 704, 'title': 'Separate junit.framework.Assert to separate module', 'state': 'closed', 'created_at': '2013-07-17T12:21:30Z', 'closed_at': '2013-07-17T18:37:17Z', 'labels': []}
{'issuenumber': 703, 'title': 'Java 8 Compatibility [Enhancement] - not an issue!', 'state': 'closed', 'created_at': '2013-07-16T19:49:35Z', 'closed_at': '2014-07-29T00:00:27Z', 'labels': []}
{'issuenumber': 700, 'title': 'Parametrized runner for tests with one parameter', 'state': 'closed', 'created_at': '2013-06-27T09:54:53Z', 'closed_at': '2013-07-16T00:34:31Z', 'labels': []}
{'issuenumber': 699, 'title': 'subtree in junit.contrib for junit-theories.', 'state': 'closed', 'created_at': '2013-06-21T19:18:12Z', 'closed_at': '2014-09-11T20:52:29Z', 'labels': []}
{'issuenumber': 698, 'title': 'TestCase setup() exception causes tearDown() to not be called', 'state': 'closed', 'created_at': '2013-06-20T13:56:20Z', 'closed_at': '2014-01-29T07:06:04Z', 'labels': []}
{'issuenumber': 696, 'title': "Additional method 'expectExactMessage(String)' in class 'ExpectedException'", 'state': 'closed', 'created_at': '2013-06-19T19:10:58Z', 'closed_at': '2014-08-27T09:57:35Z', 'labels': {'name': 'rules'}}
{'issuenumber': 693, 'title': 'ParameterizedAssertionError should extend AssertionError', 'state': 'closed', 'created_at': '2013-06-09T09:49:41Z', 'closed_at': '2014-01-07T01:25:22Z', 'labels': {'name': 'up-for-grabs'}}
{'issuenumber': 689, 'title': 'Request for Clarification / Roadmap / Documentation', 'state': 'closed', 'created_at': '2013-06-03T14:45:46Z', 'closed_at': '2013-06-03T17:35:10Z', 'labels': []}
{'issuenumber': 688, 'title': 'AssumeTrue and AssumeFalse do not work as documented.', 'state': 'closed', 'created_at': '2013-06-03T10:28:29Z', 'closed_at': '2014-12-08T15:42:21Z', 'labels': []}
{'issuenumber': 687, 'title': 'Undocumented change to ExpectedException in JUnit 4.11 changes default behavior when expected class is AssertionError.', 'state': 'closed', 'created_at': '2013-05-31T18:45:01Z', 'closed_at': '2013-10-16T22:32:17Z', 'labels': {'name': 'up-for-grabs'}}
{'issuenumber': 686, 'title': 'Enhance @Test(timeout) javadoc', 'state': 'closed', 'created_at': '2013-05-29T20:18:00Z', 'closed_at': '2014-01-29T07:03:24Z', 'labels': {'name': 'up-for-grabs'}}
{'issuenumber': 681, 'title': 'Assert not empty for collections?', 'state': 'closed', 'created_at': '2013-05-24T19:59:29Z', 'closed_at': '2014-02-10T15:18:05Z', 'labels': []}
{'issuenumber': 676, 'title': 'Dependency to org.hamcrest.CoreMatchers is still available in JUnit.', 'state': 'closed', 'created_at': '2013-05-15T13:27:59Z', 'closed_at': '2013-06-04T15:48:46Z', 'labels': []}
{'issuenumber': 674, 'title': 'TestWatcher should fail the test if used as a class rule', 'state': 'closed', 'created_at': '2013-05-08T14:27:21Z', 'closed_at': '2014-03-13T20:49:06Z', 'labels': []}
{'issuenumber': 669, 'title': 'Cutting on stack call', 'state': 'closed', 'created_at': '2013-04-25T20:40:02Z', 'closed_at': '2017-02-06T00:35:36Z', 'labels': []}
{'issuenumber': 667, 'title': 'Classpath use seems to be broken in junit ant task?', 'state': 'closed', 'created_at': '2013-04-12T21:37:31Z', 'closed_at': '2013-04-12T21:45:22Z', 'labels': []}
{'issuenumber': 663, 'title': 'The first example on the Parameterized-tests wiki makes no sense', 'state': 'closed', 'created_at': '2013-04-08T11:56:01Z', 'closed_at': '2013-05-17T12:24:06Z', 'labels': {'name': 'parameterized'}}
{'issuenumber': 655, 'title': 'Parameterized Suites', 'state': 'closed', 'created_at': '2013-03-19T04:37:44Z', 'closed_at': '2016-10-04T20:26:36Z', 'labels': {'name': 'parameterized'}}
{'issuenumber': 652, 'title': 'Three broken links on http://junit.sourceforge.net', 'state': 'closed', 'created_at': '2013-03-14T08:24:00Z', 'closed_at': '2013-03-14T20:01:37Z', 'labels': []}
{'issuenumber': 645, 'title': 'How to compose several test case with a suite (Using our own runner)', 'state': 'closed', 'created_at': '2013-02-26T14:06:39Z', 'closed_at': '2013-02-27T01:06:22Z', 'labels': []}
{'issuenumber': 644, 'title': 'RunListener testRunStarted method not will not be run.', 'state': 'closed', 'created_at': '2013-02-26T02:57:03Z', 'closed_at': '2013-02-27T01:06:28Z', 'labels': []}
{'issuenumber': 643, 'title': 'ExpectedException class not found', 'state': 'closed', 'created_at': '2013-02-23T17:35:03Z', 'closed_at': '2013-05-04T08:51:31Z', 'labels': []}
{'issuenumber': 642, 'title': 'Make @FixMethodOrder inherited annotation', 'state': 'closed', 'created_at': '2013-02-20T11:17:22Z', 'closed_at': '2014-01-29T06:59:08Z', 'labels': []}
{'issuenumber': 637, 'title': 'AllMembersSupplier treats single and array datapoint parameter type matching differently', 'state': 'closed', 'created_at': '2013-02-17T15:43:59Z', 'closed_at': '2014-07-11T02:01:42Z', 'labels': []}
{'issuenumber': 630, 'title': 'Update hyperlinks on junit.org', 'state': 'closed', 'created_at': '2013-02-06T20:07:01Z', 'closed_at': '2014-01-24T07:37:55Z', 'labels': []}
{'issuenumber': 628, 'title': 'TimeOut rule does not close WebDriver browser, when Junit scripts timeout. How can I fix this ?', 'state': 'closed', 'created_at': '2013-02-06T15:36:39Z', 'closed_at': '2014-01-29T06:58:34Z', 'labels': []}
{'issuenumber': 627, 'title': 'junit-4.11.jar contains LICENSE.txt with BSD license for hamcrest', 'state': 'closed', 'created_at': '2013-02-06T10:57:27Z', 'closed_at': '2014-07-07T04:41:59Z', 'labels': []}
{'issuenumber': 620, 'title': 'New site', 'state': 'closed', 'created_at': '2013-01-24T13:40:10Z', 'closed_at': '2014-09-11T20:44:49Z', 'labels': []}
{'issuenumber': 619, 'title': 'http://www.junit.org gives 404 from gh pages', 'state': 'closed', 'created_at': '2013-01-24T13:36:28Z', 'closed_at': '2013-07-31T20:10:55Z', 'labels': []}
{'issuenumber': 618, 'title': 'Remove junit.framework from 4.x releases', 'state': 'closed', 'created_at': '2013-01-22T15:14:32Z', 'closed_at': '2013-01-22T16:46:40Z', 'labels': []}
{'issuenumber': 616, 'title': '4.12 Release', 'state': 'closed', 'created_at': '2013-01-21T09:07:27Z', 'closed_at': '2014-12-04T19:41:15Z', 'labels': []}
{'issuenumber': 610, 'title': 'ExpectedException#expect() should take Matcher<? extends Throwable> as its argument', 'state': 'closed', 'created_at': '2013-01-13T16:33:40Z', 'closed_at': '2015-07-28T17:59:46Z', 'labels': []}
{'issuenumber': 604, 'title': 'New Javadoc stylesheet.css', 'state': 'closed', 'created_at': '2013-01-10T00:17:15Z', 'closed_at': '2014-12-06T20:37:59Z', 'labels': {'name': 'javadoc'}}
{'issuenumber': 602, 'title': "@Theory does not support 'expected' for expected exceptions, unlike @Test", 'state': 'closed', 'created_at': '2013-01-09T13:00:23Z', 'closed_at': '2016-11-30T05:25:27Z', 'labels': []}
{'issuenumber': 597, 'title': '=) http://www.junit.org/ links', 'state': 'closed', 'created_at': '2013-01-05T14:20:12Z', 'closed_at': '2013-01-07T18:40:08Z', 'labels': []}
{'issuenumber': 592, 'title': 'Generate and ship HTML from README.md', 'state': 'closed', 'created_at': '2013-01-03T12:18:03Z', 'closed_at': '2014-09-08T17:41:17Z', 'labels': []}
{'issuenumber': 589, 'title': 'Support @Rule for methods works only for TestRule but not for MethodRule', 'state': 'closed', 'created_at': '2013-01-03T10:23:38Z', 'closed_at': '2014-11-05T15:32:34Z', 'labels': {'name': 'needs more info'}}
{'issuenumber': 588, 'title': 'GitHub downloads page is not accessible anymore', 'state': 'closed', 'created_at': '2013-01-02T21:31:32Z', 'closed_at': '2013-09-04T22:07:05Z', 'labels': {'name': 'blocking'}}
{'issuenumber': 587, 'title': 'Example in JavaDoc for Verifier rule is broken', 'state': 'closed', 'created_at': '2013-01-02T01:39:34Z', 'closed_at': '2014-01-29T06:57:19Z', 'labels': []}
{'issuenumber': 574, 'title': 'Check Test-class members implementing TestRule are annotated with @Rule or @ClassRule', 'state': 'closed', 'created_at': '2012-12-14T11:51:19Z', 'closed_at': '2014-07-13T01:13:52Z', 'labels': []}
{'issuenumber': 570, 'title': 'No Javadoc for version 4.11 published', 'state': 'closed', 'created_at': '2012-12-09T16:15:01Z', 'closed_at': '2014-01-24T06:48:13Z', 'labels': []}
{'issuenumber': 567, 'title': 'Update 4.12 Release Notes for #552', 'state': 'closed', 'created_at': '2012-12-06T00:37:30Z', 'closed_at': '2012-12-09T00:56:28Z', 'labels': []}
{'issuenumber': 562, 'title': 'Add a README.md', 'state': 'closed', 'created_at': '2012-12-03T18:19:55Z', 'closed_at': '2013-01-28T18:39:48Z', 'labels': []}
{'issuenumber': 558, 'title': 'Inheritance of Categories', 'state': 'closed', 'created_at': '2012-11-29T09:53:15Z', 'closed_at': '2013-01-10T18:44:53Z', 'labels': []}
{'issuenumber': 557, 'title': 'assertEquals(String, float, float, float) can cause some legacy code to call a different assertion in 4.11', 'state': 'closed', 'created_at': '2012-11-29T08:59:17Z', 'closed_at': '2014-07-13T01:44:43Z', 'labels': []}
{'issuenumber': 556, 'title': 'Problem with special character in @Parameterized(name= "")', 'state': 'closed', 'created_at': '2012-11-27T09:39:44Z', 'closed_at': '2012-11-28T15:21:57Z', 'labels': {'name': 'parameterized'}}
{'issuenumber': 553, 'title': 'Badly formatted javadoc for Parameterized', 'state': 'closed', 'created_at': '2012-11-19T15:23:01Z', 'closed_at': '2012-11-28T15:21:23Z', 'labels': {'name': 'parameterized'}}
{'issuenumber': 551, 'title': 'MethodSorterTest fails when run with Jacoco Coverage', 'state': 'closed', 'created_at': '2012-11-17T11:59:13Z', 'closed_at': '2012-12-07T20:46:00Z', 'labels': []}
{'issuenumber': 546, 'title': 'FailOnTimeout should use daemon thread and internal fields should be treated as final and volatile', 'state': 'closed', 'created_at': '2012-11-13T07:10:47Z', 'closed_at': '2013-01-22T17:07:27Z', 'labels': []}
{'issuenumber': 545, 'title': 'FailOnTimeout should catch ClosedByInterruptException and InterruptedIOException in same way as InterruptedException', 'state': 'closed', 'created_at': '2012-11-13T07:08:12Z', 'closed_at': '2012-12-12T23:01:23Z', 'labels': []}
{'issuenumber': 537, 'title': 'Toward multi-module JUnit: separate assertion mechanisms from core', 'state': 'closed', 'created_at': '2012-11-02T20:19:45Z', 'closed_at': '2017-04-05T07:13:12Z', 'labels': {'name': 'feature'}}
{'issuenumber': 536, 'title': 'add @SuppressWarnings("static-method") to org.junit.Test', 'state': 'closed', 'created_at': '2012-11-01T11:31:57Z', 'closed_at': '2012-11-06T22:51:36Z', 'labels': []}
{'issuenumber': 535, 'title': 'Parametrized tests', 'state': 'closed', 'created_at': '2012-10-24T23:46:02Z', 'closed_at': '2012-10-25T15:40:10Z', 'labels': {'name': 'parameterized'}}
{'issuenumber': 534, 'title': 'Deleting Deprecated methods/clases ?', 'state': 'closed', 'created_at': '2012-10-24T18:13:50Z', 'closed_at': '2016-11-30T05:26:14Z', 'labels': []}
{'issuenumber': 531, 'title': 'Incompatibility with Java 5', 'state': 'closed', 'created_at': '2012-10-19T13:45:24Z', 'closed_at': '2012-10-22T16:58:28Z', 'labels': {'name': 'blocking'}}
{'issuenumber': 527, 'title': 'Parameters method should be invoked after BeforeClass/ClassRules', 'state': 'closed', 'created_at': '2012-10-15T21:29:17Z', 'closed_at': '2015-04-23T09:11:05Z', 'labels': {'name': 'parameterized'}}
{'issuenumber': 518, 'title': 'Flexible ParallelComputer', 'state': 'closed', 'created_at': '2012-09-28T19:28:26Z', 'closed_at': '2014-12-06T21:20:49Z', 'labels': []}
{'issuenumber': 517, 'title': 'Flexible ParallelComputer', 'state': 'closed', 'created_at': '2012-09-28T14:49:26Z', 'closed_at': '2012-09-28T16:17:16Z', 'labels': []}
{'issuenumber': 516, 'title': 'Build Server for Continuous Integration', 'state': 'closed', 'created_at': '2012-09-28T07:21:33Z', 'closed_at': '2014-11-08T21:31:01Z', 'labels': []}
{'issuenumber': 515, 'title': 'OSGi Proposal', 'state': 'closed', 'created_at': '2012-09-28T01:43:15Z', 'closed_at': '2013-05-14T15:46:32Z', 'labels': []}
{'issuenumber': 512, 'title': 'Release 4.11', 'state': 'closed', 'created_at': '2012-09-23T14:07:42Z', 'closed_at': '2012-11-14T20:28:29Z', 'labels': []}
{'issuenumber': 506, 'title': 'ParallelMethodTest fails few times', 'state': 'closed', 'created_at': '2012-09-18T23:27:10Z', 'closed_at': '2012-09-27T23:55:00Z', 'labels': []}
{'issuenumber': 505, 'title': 'Default test suit has undeterministic behaviour on win8 + JDK7', 'state': 'closed', 'created_at': '2012-09-18T20:04:02Z', 'closed_at': '2014-01-29T22:44:30Z', 'labels': []}
{'issuenumber': 499, 'title': 'Assume does not work with test ran by Theories class runner', 'state': 'closed', 'created_at': '2012-09-06T19:47:27Z', 'closed_at': '2014-07-29T20:17:48Z', 'labels': []}
{'issuenumber': 495, 'title': 'assertThat should also report Matcher.describeMismatch', 'state': 'closed', 'created_at': '2012-08-28T08:19:48Z', 'closed_at': '2012-09-04T20:09:06Z', 'labels': []}
{'issuenumber': 494, 'title': 'AssumptionViolatedException erroneously initializes cause to "null"', 'state': 'closed', 'created_at': '2012-08-26T23:34:05Z', 'closed_at': '2014-09-10T17:01:05Z', 'labels': {'name': 'up-for-grabs'}}
{'issuenumber': 493, 'title': 'Wrong number of tests count in a class with no tests (should be zero)', 'state': 'closed', 'created_at': '2012-08-25T14:15:16Z', 'closed_at': '2012-08-25T18:09:56Z', 'labels': []}
{'issuenumber': 487, 'title': 'Javadoc warnings due to "missing" Hamcrest classes', 'state': 'closed', 'created_at': '2012-08-18T06:16:50Z', 'closed_at': '2012-08-21T19:32:33Z', 'labels': []}
{'issuenumber': 482, 'title': 'Master does not build: type parameters of <T>org.hamcrest.Matcher<java.lang.Iterable<? super T>> cannot be determined', 'state': 'closed', 'created_at': '2012-08-16T11:42:09Z', 'closed_at': '2012-08-18T06:19:03Z', 'labels': []}
{'issuenumber': 480, 'title': 'Assert.assertArrayEquals terrible performance', 'state': 'closed', 'created_at': '2012-08-13T23:33:55Z', 'closed_at': '2015-04-25T18:49:16Z', 'labels': []}
{'issuenumber': 474, 'title': 'Compilation Error in JUnitMatchers#hasItem(Matcher): Matcher', 'state': 'closed', 'created_at': '2012-08-10T18:03:06Z', 'closed_at': '2012-09-04T18:52:06Z', 'labels': []}
{'issuenumber': 473, 'title': 'junit.framework.Assert vs. org.junit.Assert', 'state': 'closed', 'created_at': '2012-08-08T17:17:55Z', 'closed_at': '2013-01-22T21:01:50Z', 'labels': []}
{'issuenumber': 471, 'title': 'Theories: Enhancement to the way theories handle input test data using @ParametersSuppliedBy', 'state': 'closed', 'created_at': '2012-08-06T16:55:41Z', 'closed_at': '2013-11-15T01:09:44Z', 'labels': []}
{'issuenumber': 465, 'title': 'support for assertEmpty', 'state': 'closed', 'created_at': '2012-07-25T11:19:47Z', 'closed_at': '2012-08-30T13:43:48Z', 'labels': []}
{'issuenumber': 460, 'title': 'Testing github e-mail notifications', 'state': 'closed', 'created_at': '2012-07-09T17:48:20Z', 'closed_at': '2013-11-15T00:01:17Z', 'labels': []}
{'issuenumber': 459, 'title': 'AssertEquals error message when comparing numbers', 'state': 'closed', 'created_at': '2012-07-09T13:30:05Z', 'closed_at': '2012-07-10T08:38:37Z', 'labels': []}
{'issuenumber': 458, 'title': 'wont login', 'state': 'closed', 'created_at': '2012-07-05T06:54:28Z', 'closed_at': '2012-07-06T00:35:33Z', 'labels': []}
{'issuenumber': 455, 'title': "Using Assume does not mark tests as 'Ignored'", 'state': 'closed', 'created_at': '2012-06-20T16:25:49Z', 'closed_at': '2012-06-23T19:22:12Z', 'labels': []}
{'issuenumber': 453, 'title': 'Please implement  @IgnoreWhen(true) annotation.', 'state': 'closed', 'created_at': '2012-06-19T07:24:52Z', 'closed_at': '2012-06-19T09:07:19Z', 'labels': []}
{'issuenumber': 449, 'title': 'AllMembersSupplier.addMultiPointMethods() swallows exceptions', 'state': 'closed', 'created_at': '2012-06-07T08:27:06Z', 'closed_at': '2013-03-26T17:27:30Z', 'labels': {'name': 'bug'}}
{'issuenumber': 441, 'title': 'fix for issue 283 (recursive temp folders) caused incompatibility', 'state': 'closed', 'created_at': '2012-05-30T13:05:36Z', 'closed_at': '2012-06-23T16:17:06Z', 'labels': {'name': 'bug'}}
{'issuenumber': 433, 'title': 'If TestWatchman#failed() or #finished() throw an exception, the Rule hides the original exception', 'state': 'closed', 'created_at': '2012-05-23T18:46:31Z', 'closed_at': '2012-08-04T17:19:48Z', 'labels': {'name': 'rules'}}
{'issuenumber': 432, 'title': 'Adding methods to the Junit Test Suite', 'state': 'closed', 'created_at': '2012-05-22T12:37:36Z', 'closed_at': '2013-10-17T17:18:43Z', 'labels': []}
{'issuenumber': 429, 'title': 'testNameAsc (org.junit.internal.MethodSorterTest) non-deterministic results with OpenJDK7', 'state': 'closed', 'created_at': '2012-05-18T16:48:31Z', 'closed_at': '2012-06-06T21:06:58Z', 'labels': []}
{'issuenumber': 427, 'title': 'Wrong JavaDoc in MethodRule and some TestRules', 'state': 'closed', 'created_at': '2012-05-07T19:21:00Z', 'closed_at': '2012-08-02T21:04:12Z', 'labels': []}
{'issuenumber': 425, 'title': 'unconclusive error message', 'state': 'closed', 'created_at': '2012-04-26T11:51:05Z', 'closed_at': '2013-10-14T17:57:46Z', 'labels': []}
{'issuenumber': 420, 'title': 'The "fix" for issue 413 is breaking Apache Commons Configuration.', 'state': 'closed', 'created_at': '2012-04-17T06:41:24Z', 'closed_at': '2012-04-17T12:18:57Z', 'labels': []}
{'issuenumber': 413, 'title': 'TemporaryFolder.newFile should fail if file already exists', 'state': 'closed', 'created_at': '2012-04-04T09:46:28Z', 'closed_at': '2012-04-10T19:54:35Z', 'labels': []}
{'issuenumber': 410, 'title': 'Build Documentation: Needs More Details', 'state': 'closed', 'created_at': '2012-04-03T03:28:48Z', 'closed_at': '2013-10-11T19:47:06Z', 'labels': []}
{'issuenumber': 408, 'title': 'Drop any jUnit 3.8 packaging', 'state': 'closed', 'created_at': '2012-03-30T17:40:47Z', 'closed_at': '2013-01-22T21:04:21Z', 'labels': []}
{'issuenumber': 407, 'title': 'Using @RunWith on a TestCase does not start setUp()', 'state': 'closed', 'created_at': '2012-03-29T04:27:56Z', 'closed_at': '2012-04-23T10:44:36Z', 'labels': []}
{'issuenumber': 406, 'title': 'org.junit.rules.Timeout should accept a long value', 'state': 'closed', 'created_at': '2012-03-22T12:04:06Z', 'closed_at': '2012-11-15T16:16:18Z', 'labels': {'name': 'feature'}}
{'issuenumber': 399, 'title': 'Adding support for marking Tests as Blocked', 'state': 'closed', 'created_at': '2012-03-18T10:40:37Z', 'closed_at': '2012-04-22T12:28:11Z', 'labels': []}
{'issuenumber': 398, 'title': 'Junit | Can we add @Inherited to org.junit.experimental.categories.Category annotation ', 'state': 'closed', 'created_at': '2012-03-16T12:36:06Z', 'closed_at': '2014-09-08T16:21:17Z', 'labels': []}
{'issuenumber': 396, 'title': 'If @Before throws an exception, then @After of the other subclasses should not be executed', 'state': 'closed', 'created_at': '2012-03-08T16:58:16Z', 'closed_at': '2012-03-08T17:11:43Z', 'labels': []}
{'issuenumber': 395, 'title': 'Potential ConcurrentModificationException in RunNotifier.SafeNotifier', 'state': 'closed', 'created_at': '2012-03-06T14:52:55Z', 'closed_at': '2012-04-09T15:17:15Z', 'labels': []}
{'issuenumber': 394, 'title': '@BeforeClass of superclass is not executed', 'state': 'closed', 'created_at': '2012-03-06T08:58:02Z', 'closed_at': '2012-03-07T09:04:51Z', 'labels': []}
{'issuenumber': 390, 'title': 'Cannot write code that deals with assumption violation without using internal API', 'state': 'closed', 'created_at': '2012-02-23T23:42:25Z', 'closed_at': '2014-07-13T01:45:48Z', 'labels': {'name': 'up-for-grabs'}}
{'issuenumber': 389, 'title': 'ParentRunner#runLeaf useful to override, but final', 'state': 'closed', 'created_at': '2012-02-23T23:35:47Z', 'closed_at': '2014-07-13T01:29:22Z', 'labels': []}
{'issuenumber': 388, 'title': 'Potential multi-threading issue in tests with timeouts', 'state': 'closed', 'created_at': '2012-02-21T19:04:32Z', 'closed_at': '2014-01-29T06:32:56Z', 'labels': {'name': 'up-for-grabs'}}
{'issuenumber': 387, 'title': 'TestRunner for concurrency problems', 'state': 'closed', 'created_at': '2012-02-21T01:19:14Z', 'closed_at': '2013-10-10T21:38:13Z', 'labels': []}
{'issuenumber': 384, 'title': 'Timeout exception uses wrong stack trace', 'state': 'closed', 'created_at': '2012-02-15T20:24:42Z', 'closed_at': '2012-05-16T19:13:18Z', 'labels': []}
{'issuenumber': 382, 'title': 'MethodSorter contains non-compliant @Override annotation', 'state': 'closed', 'created_at': '2012-02-15T17:19:12Z', 'closed_at': '2012-04-21T19:27:49Z', 'labels': []}
{'issuenumber': 380, 'title': '@BeforeClass and @AfterClass methods are still run even if no tests will be run.', 'state': 'closed', 'created_at': '2012-02-13T18:53:00Z', 'closed_at': '2015-04-09T16:24:37Z', 'labels': {'name': 'up-for-grabs'}}
{'issuenumber': 379, 'title': 'ParameterizedAssertionError in Theory', 'state': 'closed', 'created_at': '2012-02-12T19:43:04Z', 'closed_at': '2012-09-04T20:33:36Z', 'labels': {'name': 'bug'}}
{'issuenumber': 378, 'title': 'Request to change the generics definition of Assert.assertThat', 'state': 'closed', 'created_at': '2012-02-12T07:03:41Z', 'closed_at': '2015-05-30T15:15:32Z', 'labels': []}
{'issuenumber': 375, 'title': 'JUnit suppresses AssertionError.getCause()', 'state': 'closed', 'created_at': '2012-01-29T16:35:18Z', 'closed_at': '2016-11-30T05:28:51Z', 'labels': []}
{'issuenumber': 371, 'title': 'Why JUnit test running in both initial JVM and the forked JVM?', 'state': 'closed', 'created_at': '2012-01-06T15:01:19Z', 'closed_at': '2013-10-10T11:52:59Z', 'labels': []}
{'issuenumber': 367, 'title': '@BeforeSuite and @AfterSuite, SuiteRule', 'state': 'closed', 'created_at': '2011-12-08T19:27:47Z', 'closed_at': '2011-12-16T21:00:29Z', 'labels': []}
{'issuenumber': 366, 'title': 'Support non-static inner classes', 'state': 'closed', 'created_at': '2011-12-02T17:46:56Z', 'closed_at': '2014-07-13T01:36:08Z', 'labels': []}
{'issuenumber': 364, 'title': 'Description.getTestClass() does not work in OSGi environment', 'state': 'closed', 'created_at': '2011-11-28T13:22:36Z', 'closed_at': '2014-02-25T17:20:38Z', 'labels': []}
{'issuenumber': 360, 'title': 'test', 'state': 'closed', 'created_at': '2011-11-09T22:32:12Z', 'closed_at': '2012-06-01T06:10:13Z', 'labels': []}
{'issuenumber': 359, 'title': 'filtering by category can lead to ExceptionInInitializerError', 'state': 'closed', 'created_at': '2011-11-08T00:15:09Z', 'closed_at': '2012-04-21T20:09:33Z', 'labels': {'name': 'bug'}}
{'issuenumber': 357, 'title': 'Incompatibility of 4.9/4.10 MethodRule', 'state': 'closed', 'created_at': '2011-10-30T20:41:45Z', 'closed_at': '2015-04-25T18:51:08Z', 'labels': {'name': 'rules'}}
{'issuenumber': 355, 'title': 'Improve Assume to allow passing custom message (details)', 'state': 'closed', 'created_at': '2011-10-30T20:06:32Z', 'closed_at': '2012-08-28T16:51:09Z', 'labels': []}
{'issuenumber': 350, 'title': '@Rule should not require MethodRule in 4.10, regression?', 'state': 'closed', 'created_at': '2011-10-21T18:39:09Z', 'closed_at': '2011-10-21T19:48:26Z', 'labels': {'name': 'bug'}}
{'issuenumber': 349, 'title': 'junit-dep and maven: wrong dependency scope', 'state': 'closed', 'created_at': '2011-10-21T09:23:35Z', 'closed_at': '2012-04-21T19:11:34Z', 'labels': []}
{'issuenumber': 345, 'title': 'Allow running tests tagged with certain words', 'state': 'closed', 'created_at': '2011-10-19T22:58:30Z', 'closed_at': '2012-02-03T19:46:30Z', 'labels': []}
{'issuenumber': 342, 'title': 'TemporaryFolder.newFile(String) throws IllegalStateException in junit-4.10', 'state': 'closed', 'created_at': '2011-10-15T11:00:51Z', 'closed_at': '2011-10-24T15:21:47Z', 'labels': []}
{'issuenumber': 339, 'title': 'Fields annotated with @Rule should be checked to be non-static', 'state': 'closed', 'created_at': '2011-10-10T17:21:21Z', 'closed_at': '2011-10-17T20:43:28Z', 'labels': []}
{'issuenumber': 338, 'title': 'Categories javadoc does not specify the behavior of categories on parents and children.', 'state': 'closed', 'created_at': '2011-10-10T14:46:06Z', 'closed_at': '2013-09-18T20:05:30Z', 'labels': {'name': 'bug'}}
{'issuenumber': 336, 'title': 'IncludeCategory and ExcludeCategory should have plural in descriptive method value(): []', 'state': 'closed', 'created_at': '2011-10-10T01:53:32Z', 'closed_at': '2013-09-20T00:53:18Z', 'labels': {'name': 'feature'}}
{'issuenumber': 335, 'title': 'Bug: Categorized test methods inherit categories declared on type of a test.', 'state': 'closed', 'created_at': '2011-10-10T01:24:15Z', 'closed_at': '2011-10-10T14:46:43Z', 'labels': []}
{'issuenumber': 333, 'title': 'build.xml is broken after merges (invalid XML)', 'state': 'closed', 'created_at': '2011-10-04T21:10:41Z', 'closed_at': '2011-10-07T13:25:39Z', 'labels': {'name': 'bug'}}
{'issuenumber': 332, 'title': '4.9 and 4.10 "junit" artifacts in Maven Central have hamcrest as dependency defined while in "junit" artifact the hamcrest classes are already included', 'state': 'closed', 'created_at': '2011-10-03T16:54:00Z', 'closed_at': '2012-09-23T14:10:31Z', 'labels': {'name': 'bug'}}
{'issuenumber': 331, 'title': 'Test dependencies', 'state': 'closed', 'created_at': '2011-09-30T01:10:07Z', 'closed_at': '2014-07-13T01:32:26Z', 'labels': {'name': 'feature'}}
{'issuenumber': 322, 'title': "Feature of IsThrowable Hamcrest' Matcher", 'state': 'closed', 'created_at': '2011-09-21T19:15:54Z', 'closed_at': '2013-07-23T18:45:34Z', 'labels': {'name': 'hamcrest'}}
{'issuenumber': 320, 'title': 'Alternative test factories', 'state': 'closed', 'created_at': '2011-09-19T17:29:54Z', 'closed_at': '2013-10-10T12:56:02Z', 'labels': {'name': 'feature'}}
{'issuenumber': 318, 'title': 'AssertionFailedError constructor calls super with null message', 'state': 'closed', 'created_at': '2011-09-17T16:57:01Z', 'closed_at': '2011-09-19T14:36:48Z', 'labels': []}
{'issuenumber': 311, 'title': "Fix 4.9.1 release notes, make sure markdown errors don't get passed through again..", 'state': 'closed', 'created_at': '2011-09-13T20:06:52Z', 'closed_at': '2011-09-14T19:51:39Z', 'labels': {'name': 'bug'}}
{'issuenumber': 309, 'title': 'build.xml uploads junitX.jar as junit-depX.jar', 'state': 'closed', 'created_at': '2011-09-13T19:44:50Z', 'closed_at': '2011-09-14T19:35:01Z', 'labels': {'name': 'bug'}}
{'issuenumber': 307, 'title': 'A proposal and fix for Configurable Categories', 'state': 'closed', 'created_at': '2011-09-12T18:17:06Z', 'closed_at': '2013-06-28T16:39:07Z', 'labels': {'name': 'feature'}}
{'issuenumber': 303, 'title': 'Is it possible to get a 4.9 tag?', 'state': 'closed', 'created_at': '2011-09-09T11:34:36Z', 'closed_at': '2011-09-13T21:02:04Z', 'labels': {'name': 'bug'}}
{'issuenumber': 297, 'title': 'Test Suites with Tests cause Null Pointer Exception with Categories', 'state': 'closed', 'created_at': '2011-09-02T21:19:45Z', 'closed_at': '2011-09-09T17:48:38Z', 'labels': []}
{'issuenumber': 296, 'title': 'TestWatchman.failed should not be invoked for AssumptionViolatedExceptions', 'state': 'closed', 'created_at': '2011-08-30T12:41:15Z', 'closed_at': '2011-09-09T20:30:42Z', 'labels': {'name': 'bug'}}
{'issuenumber': 295, 'title': 'odd and unclear language in Result javadoc', 'state': 'closed', 'created_at': '2011-08-28T03:40:08Z', 'closed_at': '2012-05-25T21:29:18Z', 'labels': {'name': 'bug'}}
{'issuenumber': 292, 'title': 'junit-dep-4.9.jar in Maven repository contains hamcrest classes', 'state': 'closed', 'created_at': '2011-08-25T17:23:24Z', 'closed_at': '2011-10-03T16:44:28Z', 'labels': {'name': 'bug'}}
{'issuenumber': 289, 'title': 'Why is there an "errors.clear()" in RunAfters?', 'state': 'closed', 'created_at': '2011-08-16T07:06:20Z', 'closed_at': '2011-09-22T17:36:32Z', 'labels': {'name': 'bug'}}
{'issuenumber': 288, 'title': 'Allow to specify date in @Ignore', 'state': 'closed', 'created_at': '2011-08-15T15:50:09Z', 'closed_at': '2011-08-16T06:56:22Z', 'labels': []}
{'issuenumber': 285, 'title': "Syntax error in Parameterized's usage example", 'state': 'closed', 'created_at': '2011-08-11T21:49:31Z', 'closed_at': '2011-08-12T02:42:58Z', 'labels': []}
{'issuenumber': 284, 'title': 'Sync 4.9 with Maven central', 'state': 'closed', 'created_at': '2011-08-11T15:53:15Z', 'closed_at': '2011-08-12T11:11:41Z', 'labels': []}
{'issuenumber': 278, 'title': 'TemporaryFolder creates files in the current working directory if applying the rule fails', 'state': 'closed', 'created_at': '2011-08-06T22:00:23Z', 'closed_at': '2011-08-08T20:48:43Z', 'labels': []}
{'issuenumber': 276, 'title': 'ExternalResource should make description object available to before and after methods', 'state': 'closed', 'created_at': '2011-08-05T21:46:16Z', 'closed_at': '2011-08-08T17:11:27Z', 'labels': []}
{'issuenumber': 275, 'title': 'Provide a way to call out to the run notifier from a rule', 'state': 'closed', 'created_at': '2011-07-30T16:39:36Z', 'closed_at': '2013-10-11T03:39:54Z', 'labels': {'name': 'feature'}}
{'issuenumber': 268, 'title': 'Storing Result of one test case into some variable', 'state': 'closed', 'created_at': '2011-07-20T07:15:28Z', 'closed_at': '2012-05-25T21:26:50Z', 'labels': {'name': 'feature'}}
{'issuenumber': 266, 'title': 'Storing Result of one test case into some variable', 'state': 'closed', 'created_at': '2011-07-20T06:09:53Z', 'closed_at': '2012-04-16T14:48:00Z', 'labels': {'name': 'feature'}}
{'issuenumber': 265, 'title': 'FailOnTimeout Statement remembers successful run. prevents statement reuse', 'state': 'closed', 'created_at': '2011-07-20T05:34:48Z', 'closed_at': '2011-08-11T14:06:37Z', 'labels': []}
{'issuenumber': 264, 'title': 'Method-level hooks for customized parameterized running', 'state': 'closed', 'created_at': '2011-07-19T18:54:06Z', 'closed_at': '2013-06-18T23:53:29Z', 'labels': {'name': 'feature'}}
{'issuenumber': 262, 'title': 'Test result missing in JUnit View for a test runned in two test suites', 'state': 'closed', 'created_at': '2011-07-15T21:35:38Z', 'closed_at': '2012-04-21T20:12:28Z', 'labels': {'name': 'bug'}}
{'issuenumber': 260, 'title': 'Non-Public @Rule field results in strange exception message', 'state': 'closed', 'created_at': '2011-07-09T20:07:39Z', 'closed_at': '2011-08-11T20:05:46Z', 'labels': {'name': 'bug'}}
{'issuenumber': 258, 'title': 'Non-public @ClassRule field results in strange exception message ', 'state': 'closed', 'created_at': '2011-07-09T05:04:32Z', 'closed_at': '2011-08-12T14:34:26Z', 'labels': {'name': 'bug'}}
{'issuenumber': 257, 'title': 'Missing static keyword on @ClassRule field causes NPE', 'state': 'closed', 'created_at': '2011-07-09T04:51:08Z', 'closed_at': '2011-08-12T14:34:35Z', 'labels': {'name': 'bug'}}
{'issuenumber': 254, 'title': 'Wrong example for ClassRule', 'state': 'closed', 'created_at': '2011-07-06T19:50:10Z', 'closed_at': '2011-07-09T21:28:30Z', 'labels': []}
{'issuenumber': 253, 'title': 'Document that ParentRunner is sometimes a better option than Parameterized', 'state': 'closed', 'created_at': '2011-07-06T17:20:09Z', 'closed_at': '2013-06-17T15:20:59Z', 'labels': {'name': 'feature'}}
{'issuenumber': 248, 'title': 'protected BlockJUnit4ClassRunner#rules method removed from 4.8.2', 'state': 'closed', 'created_at': '2011-06-23T10:14:12Z', 'closed_at': '2011-06-29T15:51:25Z', 'labels': {'name': 'bug'}}
{'issuenumber': 246, 'title': 'Ability to specify @Listener on test class', 'state': 'closed', 'created_at': '2011-06-21T20:35:56Z', 'closed_at': '2011-06-27T16:55:13Z', 'labels': []}
{'issuenumber': 242, 'title': 'Commits for pull requests 237-239 not reachable from master', 'state': 'closed', 'created_at': '2011-06-12T15:11:36Z', 'closed_at': '2011-06-15T04:19:57Z', 'labels': {'name': 'bug'}}
{'issuenumber': 241, 'title': 'Misleading error', 'state': 'closed', 'created_at': '2011-06-05T13:21:41Z', 'closed_at': '2011-06-07T20:39:47Z', 'labels': []}
{'issuenumber': 236, 'title': 'Prevent either().and() and both().or()', 'state': 'closed', 'created_at': '2011-05-30T14:47:41Z', 'closed_at': '2013-10-17T11:42:22Z', 'labels': {'name': 'feature'}}
{'issuenumber': 235, 'title': '4.7 release notes inconsistent', 'state': 'closed', 'created_at': '2011-05-27T22:30:19Z', 'closed_at': '2011-06-07T05:14:16Z', 'labels': {'name': 'bug'}}
{'issuenumber': 231, 'title': 'ErrorCollector.checkThat with reason', 'state': 'closed', 'created_at': '2011-05-20T08:42:58Z', 'closed_at': '2011-05-20T10:08:14Z', 'labels': []}
{'issuenumber': 230, 'title': 'TemporaryFolder takes a root folder in the constructor', 'state': 'closed', 'created_at': '2011-05-16T18:00:01Z', 'closed_at': '2012-05-30T17:11:03Z', 'labels': {'name': 'feature'}}
{'issuenumber': 229, 'title': 'Provide test name to @Before method', 'state': 'closed', 'created_at': '2011-05-05T07:10:00Z', 'closed_at': '2013-06-17T14:42:08Z', 'labels': {'name': 'feature'}}
{'issuenumber': 227, 'title': 'ParentRunner now assumes that getChildren() returns a modifiable list', 'state': 'closed', 'created_at': '2011-05-02T14:39:23Z', 'closed_at': '2011-06-02T14:39:42Z', 'labels': {'name': 'bug'}}
{'issuenumber': 226, 'title': 'error using JUnit4TestAdapter with class which has no test methods', 'state': 'closed', 'created_at': '2011-05-01T14:14:41Z', 'closed_at': '2016-09-18T07:21:28Z', 'labels': {'name': 'bug'}}
{'issuenumber': 225, 'title': 'error count not initialized in junit.tests.framework.TestListenerTest', 'state': 'closed', 'created_at': '2011-04-30T13:01:08Z', 'closed_at': '2011-09-16T13:54:44Z', 'labels': {'name': 'bug'}}
{'issuenumber': 223, 'title': 'Show parameter values for parametrized tests', 'state': 'closed', 'created_at': '2011-04-27T15:14:55Z', 'closed_at': '2013-06-05T17:31:22Z', 'labels': {'name': 'feature'}}
{'issuenumber': 222, 'title': '[Enhancement] @Example annotation for examples', 'state': 'closed', 'created_at': '2011-04-26T22:30:44Z', 'closed_at': '2013-06-03T19:23:00Z', 'labels': {'name': 'feature'}}
{'issuenumber': 220, 'title': 'Method DataPoints does not honor ParameterSignature', 'state': 'closed', 'created_at': '2011-04-26T14:31:12Z', 'closed_at': '2012-09-04T20:33:14Z', 'labels': {'name': 'bug'}}
{'issuenumber': 219, 'title': 'Assert.assertArrayEquals(float[], float[], float) reports failures as doubles', 'state': 'closed', 'created_at': '2011-04-25T16:03:34Z', 'closed_at': '2013-06-17T13:35:34Z', 'labels': {'name': 'bug'}}
{'issuenumber': 218, 'title': '@Ignored tests are not reported', 'state': 'closed', 'created_at': '2011-04-21T13:53:11Z', 'closed_at': '2011-05-02T13:41:05Z', 'labels': {'name': 'bug'}}
{'issuenumber': 216, 'title': 'Assertions for Number greater-than or less-than', 'state': 'closed', 'created_at': '2011-04-19T09:02:43Z', 'closed_at': '2011-05-21T06:59:55Z', 'labels': {'name': 'feature'}}
{'issuenumber': 214, 'title': 'How can I create a test suite to the test method level?', 'state': 'closed', 'created_at': '2011-04-14T12:21:33Z', 'closed_at': '2011-04-14T12:48:40Z', 'labels': []}
{'issuenumber': 212, 'title': 'Junit should be an osgi bundle', 'state': 'closed', 'created_at': '2011-04-01T07:46:32Z', 'closed_at': '2016-09-19T16:11:57Z', 'labels': {'name': 'feature'}}
{'issuenumber': 211, 'title': 'Allow @Before/@After to accept datapoints', 'state': 'closed', 'created_at': '2011-03-29T12:41:39Z', 'closed_at': '2015-03-19T06:44:48Z', 'labels': {'name': 'feature'}}
{'issuenumber': 210, 'title': 'Untitled', 'state': 'closed', 'created_at': '2011-03-29T12:38:07Z', 'closed_at': '2011-03-29T12:38:31Z', 'labels': []}
{'issuenumber': 209, 'title': 'Removing through iterator not supported by CopyOnWriteArrayList', 'state': 'closed', 'created_at': '2011-03-29T11:19:43Z', 'closed_at': '2012-04-06T20:42:06Z', 'labels': {'name': 'bug'}}
{'issuenumber': 208, 'title': 'Javadoc error in JUnitMatchers.either', 'state': 'closed', 'created_at': '2011-03-24T17:32:03Z', 'closed_at': '2011-04-15T19:43:25Z', 'labels': {'name': 'bug'}}
{'issuenumber': 206, 'title': 'Please do not make various protected methods in BlockJUnit4ClassRunner private!', 'state': 'closed', 'created_at': '2011-03-17T14:41:14Z', 'closed_at': '2013-05-30T16:48:34Z', 'labels': {'name': 'feature'}}
{'issuenumber': 204, 'title': 'Express built-in wrappers as Rules', 'state': 'closed', 'created_at': '2011-03-11T16:10:10Z', 'closed_at': '2013-05-30T14:13:49Z', 'labels': {'name': 'feature'}}
{'issuenumber': 201, 'title': '@Rules annotation at method level', 'state': 'closed', 'created_at': '2011-03-08T14:48:21Z', 'closed_at': '2013-06-20T17:15:15Z', 'labels': {'name': 'feature'}}
{'issuenumber': 199, 'title': '@BuildRule', 'state': 'closed', 'created_at': '2011-03-08T14:38:23Z', 'closed_at': '2013-10-17T00:55:40Z', 'labels': {'name': 'feature'}}
{'issuenumber': 193, 'title': 'Allow explicit ordering of Rules', 'state': 'closed', 'created_at': '2011-02-17T13:26:13Z', 'closed_at': '2011-09-14T20:18:20Z', 'labels': {'name': 'feature'}}
{'issuenumber': 187, 'title': 'JUnit 4.9b2 depends on Java 6', 'state': 'closed', 'created_at': '2011-01-31T17:10:23Z', 'closed_at': '2011-04-29T19:30:47Z', 'labels': {'name': 'bug'}}
{'issuenumber': 186, 'title': 'MethodRule Timeout might prevent execution of nested Rules', 'state': 'closed', 'created_at': '2011-01-27T14:43:37Z', 'closed_at': '2013-04-05T17:15:48Z', 'labels': {'name': 'feature'}}
{'issuenumber': 185, 'title': 'MethodRule Timeout might prevent execution of nested Rules', 'state': 'closed', 'created_at': '2011-01-27T12:11:51Z', 'closed_at': '2011-01-27T21:27:30Z', 'labels': []}
{'issuenumber': 183, 'title': 'introduce @Fail annotation for test methods that must fail', 'state': 'closed', 'created_at': '2011-01-20T09:53:17Z', 'closed_at': '2012-11-13T20:28:08Z', 'labels': {'name': 'feature'}}
{'issuenumber': 181, 'title': 'Change Request: assertThat() results message formatting ', 'state': 'closed', 'created_at': '2011-01-13T09:39:46Z', 'closed_at': '2013-03-28T20:08:04Z', 'labels': {'name': 'feature'}}
{'issuenumber': 179, 'title': '@Theory - Evaluate pararameters wrong with generic type', 'state': 'closed', 'created_at': '2011-01-13T07:20:32Z', 'closed_at': '2013-05-31T14:34:38Z', 'labels': {'name': 'feature'}}
{'issuenumber': 177, 'title': 'ErrorReportingRunner accepts null testClass, tries to dereference', 'state': 'closed', 'created_at': '2011-01-03T16:37:25Z', 'closed_at': '2014-04-12T03:11:57Z', 'labels': {'name': 'bug'}}
{'issuenumber': 174, 'title': 'Support @Test(order=1) Annotation to order tests.', 'state': 'closed', 'created_at': '2010-12-29T21:46:16Z', 'closed_at': '2010-12-30T00:01:18Z', 'labels': []}
{'issuenumber': 172, 'title': 'Improve implementation of filters in order to improve implementation of Categories', 'state': 'closed', 'created_at': '2010-12-21T15:34:28Z', 'closed_at': '2013-10-10T03:00:12Z', 'labels': {'name': 'feature'}}
{'issuenumber': 171, 'title': 'Enhanced @Ignore', 'state': 'closed', 'created_at': '2010-12-17T02:30:41Z', 'closed_at': '2010-12-17T10:32:46Z', 'labels': []}
{'issuenumber': 170, 'title': 'Report actual value upon assertNull failure', 'state': 'closed', 'created_at': '2010-12-07T15:47:15Z', 'closed_at': '2012-04-23T18:08:26Z', 'labels': {'name': 'feature'}}
{'issuenumber': 169, 'title': "Exceptions when method doesn't exist are not readily identifiable", 'state': 'closed', 'created_at': '2010-12-06T00:27:48Z', 'closed_at': '2013-07-23T00:04:57Z', 'labels': {'name': 'feature'}}
{'issuenumber': 167, 'title': 'Re-running member of a suite should run the @before/after class methods from the parent suite', 'state': 'closed', 'created_at': '2010-11-25T14:39:08Z', 'closed_at': '2010-11-26T02:14:01Z', 'labels': []}
{'issuenumber': 166, 'title': 'Suite timing', 'state': 'closed', 'created_at': '2010-11-25T14:31:49Z', 'closed_at': '2010-11-26T02:16:48Z', 'labels': []}
{'issuenumber': 165, 'title': "junit-dep doesn't work without Hamcrest", 'state': 'closed', 'created_at': '2010-11-24T02:26:29Z', 'closed_at': '2011-04-29T18:50:06Z', 'labels': {'name': 'bug'}}
{'issuenumber': 164, 'title': 'Assert should have fail(Throwable) and fail(String, Throwable) API.', 'state': 'closed', 'created_at': '2010-11-19T16:49:45Z', 'closed_at': '2010-11-20T03:22:38Z', 'labels': []}
{'issuenumber': 163, 'title': 'Bad comparison failure message when using assertEquals(String, String)', 'state': 'closed', 'created_at': '2010-11-18T15:35:23Z', 'closed_at': '2011-03-04T16:58:16Z', 'labels': []}
{'issuenumber': 162, 'title': 'Performance improvement suggestion for parameterized tests', 'state': 'closed', 'created_at': '2010-11-16T04:03:09Z', 'closed_at': '2013-03-07T15:18:38Z', 'labels': {'name': 'feature'}}
{'issuenumber': 161, 'title': 'Better way to make custom suites.', 'state': 'closed', 'created_at': '2010-11-15T18:44:53Z', 'closed_at': '2012-12-10T16:26:18Z', 'labels': {'name': 'feature'}}
{'issuenumber': 160, 'title': 'New API for test-class validation.', 'state': 'closed', 'created_at': '2010-11-15T15:36:36Z', 'closed_at': '2012-12-10T16:24:01Z', 'labels': {'name': 'feature'}}
{'issuenumber': 159, 'title': 'New extension point in RunBefores and RunAfters', 'state': 'closed', 'created_at': '2010-11-12T16:53:19Z', 'closed_at': '2012-12-10T16:23:27Z', 'labels': {'name': 'feature'}}
{'issuenumber': 158, 'title': 'Undeprecate BlockJUnit4ClassRunner.withBefores and withAfters', 'state': 'closed', 'created_at': '2010-11-12T16:29:55Z', 'closed_at': '2011-03-04T16:56:36Z', 'labels': []}
{'issuenumber': 157, 'title': 'Undeprecate BlockJUnit4ClassRunner.withBefores and withAfters', 'state': 'closed', 'created_at': '2010-11-12T16:29:54Z', 'closed_at': '2012-12-03T19:45:35Z', 'labels': {'name': 'feature'}}
{'issuenumber': 156, 'title': 'Parameter object for methodBlock', 'state': 'closed', 'created_at': '2010-11-12T15:44:30Z', 'closed_at': '2012-11-13T21:18:47Z', 'labels': {'name': 'feature'}}
{'issuenumber': 150, 'title': 'Unable to run JUnit from command line in Linux', 'state': 'closed', 'created_at': '2010-11-03T13:46:50Z', 'closed_at': '2012-04-22T06:00:25Z', 'labels': {'name': 'bug'}}
{'issuenumber': 148, 'title': 'Hamcrest inclusion in the JUnit jar causes issues while testing on the Android', 'state': 'closed', 'created_at': '2010-11-01T14:38:13Z', 'closed_at': '2010-11-01T15:06:17Z', 'labels': []}
{'issuenumber': 147, 'title': 'Enhancement: Dependency Injection test groups', 'state': 'closed', 'created_at': '2010-10-25T23:42:26Z', 'closed_at': '2014-09-11T20:36:56Z', 'labels': {'name': 'feature'}}
{'issuenumber': 146, 'title': 'Multiple categories for @IncludeCategory and @ExcludeCategory', 'state': 'closed', 'created_at': '2010-10-25T13:46:44Z', 'closed_at': '2014-09-08T17:40:08Z', 'labels': {'name': 'feature'}}
{'issuenumber': 144, 'title': 'ExpectedException Rule should allow a custom assertion message', 'state': 'closed', 'created_at': '2010-10-13T20:25:48Z', 'closed_at': '2012-11-14T21:15:36Z', 'labels': {'name': 'feature'}}
{'issuenumber': 143, 'title': '@Test annotation, needs settable before and after', 'state': 'closed', 'created_at': '2010-09-23T20:58:45Z', 'closed_at': '2010-09-24T10:18:17Z', 'labels': []}
{'issuenumber': 141, 'title': 'If test that uses ExpectedException fails with an unexpected exception, the stack trace of the original exception is lost.', 'state': 'closed', 'created_at': '2010-09-20T10:02:13Z', 'closed_at': '2013-11-13T15:45:05Z', 'labels': {'name': 'feature'}}
{'issuenumber': 140, 'title': 'Default timeout', 'state': 'closed', 'created_at': '2010-09-14T12:36:43Z', 'closed_at': '2011-04-21T18:32:30Z', 'labels': {'name': 'feature'}}
{'issuenumber': 139, 'title': 'JUnit 4 output is wrong when same test run twice via a suite', 'state': 'closed', 'created_at': '2010-09-01T18:25:07Z', 'closed_at': '2022-03-15T23:53:42Z', 'labels': {'name': 'feature'}}
{'issuenumber': 137, 'title': 'Exceptions hidden in DataPoints methods', 'state': 'closed', 'created_at': '2010-08-28T16:57:02Z', 'closed_at': '2013-08-13T00:06:54Z', 'labels': {'name': 'feature'}}
{'issuenumber': 136, 'title': 'generic type conflics in Hamcrest matchers (hasItem/instanceOf)', 'state': 'closed', 'created_at': '2010-08-12T13:09:41Z', 'closed_at': '2013-05-16T15:43:05Z', 'labels': {'name': 'feature'}}
{'issuenumber': 135, 'title': 'Provide description patterns for Parameterized tests', 'state': 'closed', 'created_at': '2010-08-10T10:20:46Z', 'closed_at': '2014-02-12T15:36:09Z', 'labels': {'name': 'feature'}}
{'issuenumber': 134, 'title': 'API docs: Depricated method of Assert refers to non-existing signature', 'state': 'closed', 'created_at': '2010-08-10T07:57:55Z', 'closed_at': '2011-08-11T17:40:42Z', 'labels': {'name': 'bug'}}
{'issuenumber': 133, 'title': 'A test with a failing assume is not counted as skipped but as run', 'state': 'closed', 'created_at': '2010-08-07T21:07:30Z', 'closed_at': '2010-08-07T23:03:48Z', 'labels': []}
{'issuenumber': 132, 'title': '@Test (expected=SomeException.class) does not work in combination with assume', 'state': 'closed', 'created_at': '2010-08-07T20:38:00Z', 'closed_at': '2010-08-07T23:01:11Z', 'labels': []}
{'issuenumber': 131, 'title': 'Please update Maven repo to 4.8.2', 'state': 'closed', 'created_at': '2010-08-06T16:07:50Z', 'closed_at': '2011-04-15T17:33:52Z', 'labels': {'name': 'bug'}}
{'issuenumber': 130, 'title': "Bug: jUnit-generated test classes don't return the same results every time", 'state': 'closed', 'created_at': '2010-08-03T16:25:54Z', 'closed_at': '2010-08-05T13:51:34Z', 'labels': []}
{'issuenumber': 128, 'title': 'Dynamic Test Suites', 'state': 'closed', 'created_at': '2010-08-01T21:23:51Z', 'closed_at': '2012-10-24T19:28:22Z', 'labels': {'name': 'feature'}}
{'issuenumber': 127, 'title': 'Wish: Non-static DataPoint(s)', 'state': 'closed', 'created_at': '2010-07-28T14:24:44Z', 'closed_at': '2014-09-08T16:22:20Z', 'labels': {'name': 'feature'}}
{'issuenumber': 126, 'title': 'Please allow Iterable as type for @DataPoints', 'state': 'closed', 'created_at': '2010-07-28T14:19:40Z', 'closed_at': '2013-09-05T19:11:58Z', 'labels': {'name': 'feature'}}
{'issuenumber': 125, 'title': 'No error/warning on non static method annotated with @DataPoint', 'state': 'closed', 'created_at': '2010-07-28T14:16:16Z', 'closed_at': '2013-01-29T06:45:33Z', 'labels': {'name': 'bug'}}
{'issuenumber': 124, 'title': 'Instructions for running JUnit unit tests from Maven', 'state': 'closed', 'created_at': '2010-07-26T14:12:29Z', 'closed_at': '2013-11-13T00:24:55Z', 'labels': {'name': 'feature'}}
{'issuenumber': 123, 'title': 'In/ExcludeCategories should support inheritance', 'state': 'closed', 'created_at': '2010-07-18T20:53:29Z', 'closed_at': '2014-09-08T16:21:07Z', 'labels': {'name': 'feature'}}
{'issuenumber': 122, 'title': '@BeforeClass requiring the method to be static is nonsense', 'state': 'closed', 'created_at': '2010-07-15T12:20:32Z', 'closed_at': '2014-07-13T01:40:43Z', 'labels': {'name': 'needs more info'}}
{'issuenumber': 121, 'title': "Assumptions don't work in tests with expected exceptions", 'state': 'closed', 'created_at': '2010-07-13T09:28:50Z', 'closed_at': '2012-04-09T17:14:36Z', 'labels': {'name': 'bug'}}
{'issuenumber': 120, 'title': "Assumptions don't work in tests with expected exceptions", 'state': 'closed', 'created_at': '2010-07-13T09:08:10Z', 'closed_at': '2010-07-13T09:23:05Z', 'labels': {'name': 'bug'}}
{'issuenumber': 119, 'title': 'junit/runner contents missing from the 4.8.1 and 4.8.2 .zip source files', 'state': 'closed', 'created_at': '2010-07-08T15:37:02Z', 'closed_at': '2011-04-15T21:30:25Z', 'labels': {'name': 'bug'}}
{'issuenumber': 118, 'title': 'Git server does not permit archive creation', 'state': 'closed', 'created_at': '2010-07-08T15:36:18Z', 'closed_at': '2013-11-13T03:23:14Z', 'labels': {'name': 'feature'}}
{'issuenumber': 117, 'title': "Make org.junit.runner.Description's constructor protected so that it can be subclassed", 'state': 'closed', 'created_at': '2010-07-06T23:49:09Z', 'closed_at': '2017-01-30T04:52:56Z', 'labels': {'name': 'feature'}}
{'issuenumber': 115, 'title': 'Allow Rules to modify After/Before Actions', 'state': 'closed', 'created_at': '2010-07-06T15:43:36Z', 'closed_at': '2017-04-05T06:31:30Z', 'labels': {'name': 'feature'}}
{'issuenumber': 114, 'title': 'Relax synchronization in RunListener', 'state': 'closed', 'created_at': '2010-07-06T08:00:35Z', 'closed_at': '2013-10-11T00:49:41Z', 'labels': {'name': 'feature'}}
{'issuenumber': 113, 'title': 'Button in Eclipse menu to launch junit plugin test', 'state': 'closed', 'created_at': '2010-06-30T08:38:07Z', 'closed_at': '2010-06-30T12:49:56Z', 'labels': []}
{'issuenumber': 112, 'title': 'Report poass fial status based on calls to assertXXX(), fail(), etc.', 'state': 'closed', 'created_at': '2010-06-23T14:25:09Z', 'closed_at': '2012-08-15T19:02:58Z', 'labels': {'name': 'feature'}}
{'issuenumber': 111, 'title': 'JUnit 4.8.1 sources missing in Maven Central', 'state': 'closed', 'created_at': '2010-06-19T10:04:36Z', 'closed_at': '2010-06-24T07:01:27Z', 'labels': []}
{'issuenumber': 110, 'title': 'Cannot annotate Collections with @Datapoints, only arrays', 'state': 'closed', 'created_at': '2010-06-03T22:19:27Z', 'closed_at': '2014-07-11T02:00:04Z', 'labels': {'name': 'feature'}}
{'issuenumber': 109, 'title': 'Automatically Supplied Datapoints (for booleans and enum types)', 'state': 'closed', 'created_at': '2010-06-03T21:58:27Z', 'closed_at': '2014-07-29T18:51:58Z', 'labels': {'name': 'feature'}}
{'issuenumber': 108, 'title': 'The ability to add a single test to a TestSuite.', 'state': 'closed', 'created_at': '2010-06-02T15:23:51Z', 'closed_at': '2014-09-08T15:49:34Z', 'labels': {'name': 'feature'}}
{'issuenumber': 107, 'title': 'java.lang.RuntimeException: Stub! \tat junit.framework.TestSuite.<init>(TestSuite.java:7)', 'state': 'closed', 'created_at': '2010-05-29T09:54:03Z', 'closed_at': '2011-03-04T16:13:35Z', 'labels': []}
{'issuenumber': 106, 'title': 'Allow @Test, @Before etc. methods to have lower visibility than public', 'state': 'closed', 'created_at': '2010-05-22T15:56:55Z', 'closed_at': '2010-05-24T14:17:32Z', 'labels': []}
{'issuenumber': 105, 'title': 'NoSuchMethodError has occured when call assertThat(true,is(true))', 'state': 'closed', 'created_at': '2010-05-18T08:22:13Z', 'closed_at': '2010-05-21T15:48:07Z', 'labels': {'name': 'bug'}}
{'issuenumber': 104, 'title': 'Parameterized: data() returns Collection<Object[]>, which in Parameterized.getParametersList() is cast to List<Object[]>', 'state': 'closed', 'created_at': '2010-05-17T20:14:55Z', 'closed_at': '2011-12-31T13:03:42Z', 'labels': {'name': 'bug'}}
{'issuenumber': 103, 'title': 'Move FAQ to github pages', 'state': 'closed', 'created_at': '2010-05-04T02:40:20Z', 'closed_at': '2011-03-04T16:16:26Z', 'labels': []}
{'issuenumber': 102, 'title': 'EasyMock JUnit Rule for automatic verify', 'state': 'closed', 'created_at': '2010-05-03T12:56:32Z', 'closed_at': '2010-05-03T13:16:42Z', 'labels': {'name': 'feature'}}
{'issuenumber': 101, 'title': 'Enhancement: Make the Description, Failure and Result serializable', 'state': 'closed', 'created_at': '2010-05-01T10:24:28Z', 'closed_at': '2013-10-10T11:57:38Z', 'labels': {'name': 'feature'}}
{'issuenumber': 99, 'title': 'Add a method to org.junit.Assert to fail a test if a given exception is not thrown', 'state': 'closed', 'created_at': '2010-04-28T09:29:23Z', 'closed_at': '2013-05-14T14:54:37Z', 'labels': {'name': 'feature'}}
{'issuenumber': 98, 'title': 'assumeTrue() does not work with expected exceptions', 'state': 'closed', 'created_at': '2010-04-27T11:21:28Z', 'closed_at': '2010-05-04T02:25:05Z', 'labels': {'name': 'bug'}}
{'issuenumber': 97, 'title': 'Feature Request: @IgnoreFailure annotation for @Test methods', 'state': 'closed', 'created_at': '2010-04-07T22:07:17Z', 'closed_at': '2010-04-07T22:53:09Z', 'labels': {'name': 'feature'}}
{'issuenumber': 96, 'title': 'TestSuite(MyTestCase.class) should dynamically detect if MyTestCase is a TestCase', 'state': 'closed', 'created_at': '2010-04-01T17:50:53Z', 'closed_at': '2010-04-08T15:52:08Z', 'labels': {'name': 'bug'}}
{'issuenumber': 95, 'title': 'Enhancement: BigDecimal support for assertEquals()', 'state': 'closed', 'created_at': '2010-03-25T03:05:15Z', 'closed_at': '2014-01-29T05:08:44Z', 'labels': {'name': 'feature'}}
{'issuenumber': 94, 'title': 'FAQ has a dead link', 'state': 'closed', 'created_at': '2010-03-22T14:06:46Z', 'closed_at': '2010-05-04T02:40:55Z', 'labels': {'name': 'bug'}}
{'issuenumber': 93, 'title': 'Categories + BeforeClass', 'state': 'closed', 'created_at': '2010-03-11T19:13:12Z', 'closed_at': '2014-01-07T22:53:24Z', 'labels': {'name': 'feature'}}
{'issuenumber': 92, 'title': 'Access to build listeners from @Rule (MethodRule).', 'state': 'closed', 'created_at': '2010-03-08T16:21:15Z', 'closed_at': '2013-04-24T15:27:41Z', 'labels': {'name': 'feature'}}
{'issuenumber': 91, 'title': 'How can I turnoff the logs', 'state': 'closed', 'created_at': '2010-03-04T13:20:34Z', 'closed_at': '2011-03-04T16:04:00Z', 'labels': []}
{'issuenumber': 90, 'title': 'Use development branch between releases?', 'state': 'closed', 'created_at': '2010-03-03T14:12:08Z', 'closed_at': '2011-03-04T16:02:53Z', 'labels': []}
{'issuenumber': 89, 'title': 'Fibonacci example in Javadocs of Parameterized uses a strange object array item', 'state': 'closed', 'created_at': '2010-03-02T15:32:18Z', 'closed_at': '2011-08-11T17:40:19Z', 'labels': {'name': 'bug'}}
{'issuenumber': 88, 'title': 'Findbugs warning', 'state': 'closed', 'created_at': '2010-03-01T15:42:26Z', 'closed_at': '2012-04-23T18:28:33Z', 'labels': {'name': 'bug'}}
{'issuenumber': 87, 'title': 'Test issue', 'state': 'closed', 'created_at': '2010-03-01T14:42:22Z', 'closed_at': '2011-03-04T15:57:24Z', 'labels': []}
{'issuenumber': 86, 'title': 'more Assert.assertArrayEquals(boolean[] expecteds, boolean[] actuals)', 'state': 'closed', 'created_at': '2010-02-28T19:03:49Z', 'closed_at': '2014-01-07T01:33:24Z', 'labels': {'name': 'feature'}}
{'issuenumber': 85, 'title': 'Junit4 test suite run Output is overridden by another test suite that calls the same test class', 'state': 'closed', 'created_at': '2010-02-25T02:07:15Z', 'closed_at': '2022-03-16T14:34:56Z', 'labels': {'name': 'needs more info'}}
{'issuenumber': 84, 'title': 'Fix cookbook text', 'state': 'closed', 'created_at': '2010-02-23T15:06:30Z', 'closed_at': '2010-05-04T02:42:35Z', 'labels': {'name': 'bug'}}
{'issuenumber': 83, 'title': 'Extend rules to support @Rule public MethodRule someRule() { return new SomeRule(); } ', 'state': 'closed', 'created_at': '2010-02-22T17:44:11Z', 'closed_at': '2012-06-01T06:22:25Z', 'labels': {'name': 'feature'}}
{'issuenumber': 82, 'title': 'Performance issue: @DataPoints called N+1 times for each theory', 'state': 'closed', 'created_at': '2010-02-18T17:07:38Z', 'closed_at': '2013-11-15T01:15:51Z', 'labels': {'name': 'bug'}}
{'issuenumber': 81, 'title': 'javadoc is missing junit.* packages', 'state': 'closed', 'created_at': '2010-02-12T11:57:24Z', 'closed_at': '2017-08-22T04:15:11Z', 'labels': {'name': 'bug'}}
{'issuenumber': 79, 'title': 'TestName rule -- allow reference to test name in @Before/@After', 'state': 'closed', 'created_at': '2010-02-08T19:57:32Z', 'closed_at': '2010-02-09T03:05:39Z', 'labels': []}
{'issuenumber': 78, 'title': '@Theories usability', 'state': 'closed', 'created_at': '2010-02-08T14:52:59Z', 'closed_at': '2012-09-06T14:37:13Z', 'labels': {'name': 'feature'}}
{'issuenumber': 77, 'title': 'Enhancement : Support for messages while using @Test(expected=xyzException)', 'state': 'closed', 'created_at': '2010-02-06T01:30:23Z', 'closed_at': '2014-01-29T05:40:33Z', 'labels': {'name': 'feature'}}
{'issuenumber': 76, 'title': '@DataPoints does not allow you to map Classes to Theories', 'state': 'closed', 'created_at': '2010-02-02T14:41:42Z', 'closed_at': '2015-03-27T10:58:41Z', 'labels': {'name': 'bug'}}
{'issuenumber': 75, 'title': 'junit-4.8.1 is missing in the central Maven repository', 'state': 'closed', 'created_at': '2010-01-22T16:02:02Z', 'closed_at': '2011-03-02T20:18:27Z', 'labels': []}
{'issuenumber': 74, 'title': 'Categories + Parameterized', 'state': 'closed', 'created_at': '2010-01-21T20:44:33Z', 'closed_at': '2011-09-16T14:17:04Z', 'labels': {'name': 'bug'}}
{'issuenumber': 73, 'title': "can't run with two runners", 'state': 'closed', 'created_at': '2010-01-20T17:02:30Z', 'closed_at': '2010-05-04T02:33:36Z', 'labels': {'name': 'bug'}}
{'issuenumber': 72, 'title': 'Parametarized runner should have a way of supplying a description string per test', 'state': 'closed', 'created_at': '2010-01-12T10:07:15Z', 'closed_at': '2012-05-31T17:26:33Z', 'labels': {'name': 'feature'}}
{'issuenumber': 71, 'title': 'Optimize, or delete, the sourceforge project page.', 'state': 'closed', 'created_at': '2010-01-08T19:20:11Z', 'closed_at': '2017-02-28T00:44:44Z', 'labels': {'name': 'feature'}}
{'issuenumber': 70, 'title': 'Why are negative votes accumulating?', 'state': 'closed', 'created_at': '2009-12-18T14:57:16Z', 'closed_at': '2011-03-02T14:25:44Z', 'labels': []}
{'issuenumber': 69, 'title': 'Global rules', 'state': 'closed', 'created_at': '2009-12-16T22:24:29Z', 'closed_at': '2012-05-31T18:42:17Z', 'labels': {'name': 'feature'}}
{'issuenumber': 68, 'title': "Incorporate krosenvold's ResultConcurrencyTest patch?", 'state': 'closed', 'created_at': '2009-12-16T19:43:26Z', 'closed_at': '2011-03-02T14:24:36Z', 'labels': []}
{'issuenumber': 67, 'title': '@since missing from JUnit javadocs', 'state': 'closed', 'created_at': '2009-12-13T01:57:48Z', 'closed_at': '2012-06-08T06:21:33Z', 'labels': {'name': 'feature'}}
{'issuenumber': 66, 'title': 'Take over maintenance of the maven repo?', 'state': 'closed', 'created_at': '2009-12-10T14:00:37Z', 'closed_at': '2010-11-20T02:01:17Z', 'labels': []}
{'issuenumber': 65, 'title': 'Theories could use DataPoint naming', 'state': 'closed', 'created_at': '2009-12-10T07:57:28Z', 'closed_at': '2013-10-10T22:13:50Z', 'labels': {'name': 'feature'}}
{'issuenumber': 64, 'title': "Theories doesn't honor parameterized types", 'state': 'closed', 'created_at': '2009-12-10T07:46:16Z', 'closed_at': '2014-12-13T19:22:25Z', 'labels': {'name': 'feature'}}
{'issuenumber': 63, 'title': 'README.html is stuck at 4.6', 'state': 'closed', 'created_at': '2009-12-09T19:18:34Z', 'closed_at': '2011-03-02T14:22:52Z', 'labels': []}
{'issuenumber': 62, 'title': 'Missing Warnings for Theories', 'state': 'closed', 'created_at': '2009-12-08T21:39:02Z', 'closed_at': '2012-11-16T18:40:06Z', 'labels': {'name': 'bug'}}
{'issuenumber': 61, 'title': "Categories don't work on classes", 'state': 'closed', 'created_at': '2009-12-08T02:10:27Z', 'closed_at': '2009-12-08T20:11:55Z', 'labels': {'name': 'bug'}}
{'issuenumber': 60, 'title': 'Static link for latest javadoc', 'state': 'closed', 'created_at': '2009-12-07T17:48:24Z', 'closed_at': '2012-05-30T15:21:31Z', 'labels': {'name': 'feature'}}
{'issuenumber': 58, 'title': 'using @Rule TemporaryFolder inside @Before', 'state': 'closed', 'created_at': '2009-12-03T09:43:55Z', 'closed_at': '2011-03-02T14:21:36Z', 'labels': {'name': 'feature'}}
{'issuenumber': 57, 'title': 'Failed assumptions should cause the test to be ignored', 'state': 'closed', 'created_at': '2009-12-01T22:43:37Z', 'closed_at': '2011-03-02T14:19:47Z', 'labels': []}
{'issuenumber': 56, 'title': 'Type Matching Between MultiPointsMethod and array Is Not Performed Correctly.', 'state': 'closed', 'created_at': '2009-11-29T18:40:10Z', 'closed_at': '2011-03-02T14:19:03Z', 'labels': []}
{'issuenumber': 55, 'title': 'Type Matching Between MultiPointsMethod and array Is Not Performed Correctly.', 'state': 'closed', 'created_at': '2009-11-29T17:34:56Z', 'closed_at': '2012-08-21T17:36:58Z', 'labels': {'name': 'bug'}}
{'issuenumber': 54, 'title': 'Document categories better', 'state': 'closed', 'created_at': '2009-11-25T16:48:21Z', 'closed_at': '2012-05-30T17:17:35Z', 'labels': {'name': 'feature'}}
{'issuenumber': 53, 'title': 'Create a "support" page on junit.org', 'state': 'closed', 'created_at': '2009-11-25T16:30:20Z', 'closed_at': '2012-05-18T15:07:34Z', 'labels': {'name': 'feature'}}
{'issuenumber': 52, 'title': 'Improve support for grouping/partitioning tests into suites', 'state': 'closed', 'created_at': '2009-11-20T08:11:21Z', 'closed_at': '2011-03-02T14:17:53Z', 'labels': []}
{'issuenumber': 51, 'title': 'TestWatchman and Verifier should be abstract', 'state': 'closed', 'created_at': '2009-11-20T02:38:47Z', 'closed_at': '2012-05-25T21:25:47Z', 'labels': {'name': 'feature'}}
{'issuenumber': 50, 'title': 'additional Parameter for the @Test - invocationCount ', 'state': 'closed', 'created_at': '2009-11-18T19:28:30Z', 'closed_at': '2012-06-01T15:44:45Z', 'labels': {'name': 'feature'}}
{'issuenumber': 49, 'title': 'master git branch does not build on windows', 'state': 'closed', 'created_at': '2009-11-17T06:37:45Z', 'closed_at': '2011-09-23T20:04:00Z', 'labels': {'name': 'bug'}}
{'issuenumber': 48, 'title': 'Provide up-to-date javadocs on www.junit.org', 'state': 'closed', 'created_at': '2009-11-16T22:54:04Z', 'closed_at': '2009-12-17T20:12:03Z', 'labels': {'name': 'bug'}}
{'issuenumber': 47, 'title': 'Allowing stopping of tests externally', 'state': 'closed', 'created_at': '2009-11-16T20:20:32Z', 'closed_at': '2012-05-17T17:39:23Z', 'labels': {'name': 'feature'}}
{'issuenumber': 46, 'title': 'Name parameterized test cases', 'state': 'closed', 'created_at': '2009-11-16T20:06:57Z', 'closed_at': '2009-11-18T19:20:50Z', 'labels': {'name': 'parameterized'}}
{'issuenumber': 45, 'title': 'Add Before and After Parameterized Run annotations', 'state': 'closed', 'created_at': '2009-11-16T20:00:50Z', 'closed_at': '2017-04-21T00:19:14Z', 'labels': {'name': 'feature'}}
{'issuenumber': 44, 'title': 'Parameterized runner should name tests better than sequential numbers', 'state': 'closed', 'created_at': '2009-11-16T18:55:07Z', 'closed_at': '2012-04-12T13:48:39Z', 'labels': {'name': 'feature'}}
{'issuenumber': 42, 'title': 'Confusing error for non-static inner test classes', 'state': 'closed', 'created_at': '2009-11-09T05:05:53Z', 'closed_at': '2011-09-19T14:36:08Z', 'labels': {'name': 'bug'}}
{'issuenumber': 41, 'title': 'Allow programatic generation of Suite classes', 'state': 'closed', 'created_at': '2009-10-29T16:37:47Z', 'closed_at': '2013-03-11T18:57:44Z', 'labels': {'name': 'feature'}}
{'issuenumber': 39, 'title': 'Only one (the last) filter is considered', 'state': 'closed', 'created_at': '2009-10-27T09:33:57Z', 'closed_at': '2011-04-15T19:29:09Z', 'labels': {'name': 'bug'}}
{'issuenumber': 38, 'title': 'ParentRunner filtering "internally temporarily" broken', 'state': 'closed', 'created_at': '2009-10-27T09:31:03Z', 'closed_at': '2011-05-02T12:51:16Z', 'labels': {'name': 'bug'}}
{'issuenumber': 36, 'title': 'Sync with most recent hamcrest?', 'state': 'closed', 'created_at': '2009-10-23T15:31:09Z', 'closed_at': '2012-08-05T10:51:08Z', 'labels': {'name': 'feature'}}
{'issuenumber': 35, 'title': "we're breaking gump", 'state': 'closed', 'created_at': '2009-10-23T15:25:09Z', 'closed_at': '2009-10-27T03:02:17Z', 'labels': {'name': 'bug'}}
{'issuenumber': 34, 'title': 'Close down sourceforge issue trackers', 'state': 'closed', 'created_at': '2009-10-23T13:28:57Z', 'closed_at': '2009-11-24T02:50:50Z', 'labels': []}
{'issuenumber': 33, 'title': 'junit-dep not uploaded to Maven repository since 4.5', 'state': 'closed', 'created_at': '2009-10-20T20:23:02Z', 'closed_at': '2011-04-14T15:54:19Z', 'labels': {'name': 'bug'}}
{'issuenumber': 32, 'title': 'Suggestion: Allow @Rules to be instantiated by JUnit', 'state': 'closed', 'created_at': '2009-10-20T02:27:09Z', 'closed_at': '2011-03-08T14:53:09Z', 'labels': {'name': 'feature'}}
{'issuenumber': 31, 'title': 'Allow @Rule annotation on non-public fields', 'state': 'closed', 'created_at': '2009-10-04T14:44:06Z', 'closed_at': '2011-03-02T13:37:34Z', 'labels': []}
{'issuenumber': 30, 'title': 'ExpectedException javadocs show use of private constructor', 'state': 'closed', 'created_at': '2009-09-07T08:54:27Z', 'closed_at': '2011-03-02T13:32:53Z', 'labels': []}
{'issuenumber': 29, 'title': '@BeforeClass rule', 'state': 'closed', 'created_at': '2009-09-02T20:34:49Z', 'closed_at': '2010-05-20T03:08:05Z', 'labels': []}
{'issuenumber': 28, 'title': 'Bug in assertNull', 'state': 'closed', 'created_at': '2009-09-02T20:34:27Z', 'closed_at': '2009-10-27T03:03:20Z', 'labels': {'name': 'bug'}}
{'issuenumber': 27, 'title': 'Can a sans-hamcrest junit jar be built please?', 'state': 'closed', 'created_at': '2009-08-25T21:58:08Z', 'closed_at': '2010-05-13T14:24:52Z', 'labels': []}
{'issuenumber': 26, 'title': 'Fix tags in master', 'state': 'closed', 'created_at': '2009-08-19T18:50:40Z', 'closed_at': '2011-03-02T13:31:32Z', 'labels': []}
{'issuenumber': 25, 'title': 'Treat failed assumptions as ignored tests', 'state': 'closed', 'created_at': '2009-08-10T19:55:45Z', 'closed_at': '2014-12-13T18:52:08Z', 'labels': {'name': 'feature'}}
{'issuenumber': 24, 'title': 'Flexible naming of parameterized tests', 'state': 'closed', 'created_at': '2009-08-10T19:53:08Z', 'closed_at': '2012-04-09T15:26:40Z', 'labels': {'name': 'feature'}}
{'issuenumber': 23, 'title': 'Javadoc is wrong in 4.7', 'state': 'closed', 'created_at': '2009-08-10T18:58:51Z', 'closed_at': '2009-12-08T02:19:03Z', 'labels': {'name': 'bug'}}
{'issuenumber': 22, 'title': 'assertNotEquals', 'state': 'closed', 'created_at': '2009-07-28T02:49:07Z', 'closed_at': '2012-05-16T19:16:45Z', 'labels': []}
{'issuenumber': 21, 'title': 'Should Interceptors be renamed to Rules?', 'state': 'closed', 'created_at': '2009-07-07T02:51:44Z', 'closed_at': '2009-07-16T02:38:31Z', 'labels': []}
{'issuenumber': 20, 'title': 'Finish javadoc', 'state': 'closed', 'created_at': '2009-07-07T01:47:57Z', 'closed_at': '2009-07-21T02:34:29Z', 'labels': {'name': 'feature'}}
{'issuenumber': 19, 'title': 'Structure 101 sweep', 'state': 'closed', 'created_at': '2009-07-07T01:47:48Z', 'closed_at': '2009-07-28T02:48:52Z', 'labels': []}
{'issuenumber': 18, 'title': 'ParallelComputer has too limited applicability', 'state': 'closed', 'created_at': '2009-07-01T11:25:23Z', 'closed_at': '2013-04-11T07:36:34Z', 'labels': {'name': 'feature'}}
{'issuenumber': 17, 'title': 'Perfromance improvements junit 4.7', 'state': 'closed', 'created_at': '2009-07-01T10:26:59Z', 'closed_at': '2009-07-01T21:23:21Z', 'labels': {'name': 'feature'}}
{'issuenumber': 16, 'title': 'Junit 4.7 Thread Safety Issues', 'state': 'closed', 'created_at': '2009-07-01T10:22:14Z', 'closed_at': '2009-11-17T04:36:28Z', 'labels': []}
{'issuenumber': 15, 'title': 'Create a separate build that makes gump happy', 'state': 'closed', 'created_at': '2009-07-01T03:24:30Z', 'closed_at': '2011-02-22T17:16:01Z', 'labels': []}
{'issuenumber': 14, 'title': 'Consider SourceForge patch for thread safety', 'state': 'closed', 'created_at': '2009-07-01T02:03:45Z', 'closed_at': '2009-07-16T03:01:41Z', 'labels': []}
{'issuenumber': 13, 'title': 'Maven metadata missing', 'state': 'closed', 'created_at': '2009-06-11T03:09:41Z', 'closed_at': '2011-02-22T17:15:40Z', 'labels': []}
{'issuenumber': 12, 'title': 'javadoc for 3.8 textui?', 'state': 'closed', 'created_at': '2009-06-10T01:52:11Z', 'closed_at': '2011-02-22T17:15:13Z', 'labels': []}
{'issuenumber': 11, 'title': "theories: doco on standard practice when a theory can't take datapoints", 'state': 'closed', 'created_at': '2009-06-09T05:16:18Z', 'closed_at': '2013-04-15T10:54:56Z', 'labels': {'name': 'feature'}}
{'issuenumber': 10, 'title': 'Theories: Enhancement Autogeneration of datapoints', 'state': 'closed', 'created_at': '2009-06-09T05:06:17Z', 'closed_at': '2013-10-11T19:13:29Z', 'labels': {'name': 'feature'}}
{'issuenumber': 9, 'title': 'We broke xmlunit', 'state': 'closed', 'created_at': '2009-06-02T21:00:16Z', 'closed_at': '2009-07-28T02:48:52Z', 'labels': []}
{'issuenumber': 8, 'title': 'Should Interceptor take the test Object as a parameter?', 'state': 'closed', 'created_at': '2009-06-01T19:43:51Z', 'closed_at': '2009-07-07T02:52:20Z', 'labels': []}
{'issuenumber': 7, 'title': 'Allow expected exception message with Hamcrest matchers', 'state': 'closed', 'created_at': '2009-05-27T13:18:20Z', 'closed_at': '2009-07-01T02:02:47Z', 'labels': []}
{'issuenumber': 6, 'title': 'First Interceptors', 'state': 'closed', 'created_at': '2009-05-27T02:02:28Z', 'closed_at': '2009-07-01T02:08:28Z', 'labels': []}
{'issuenumber': 5, 'title': 'TODO sweep', 'state': 'closed', 'created_at': '2009-05-27T01:58:36Z', 'closed_at': '2009-07-07T01:48:17Z', 'labels': []}
{'issuenumber': 4, 'title': '@DataPoint is not restoring data before each theory', 'state': 'closed', 'created_at': '2009-05-25T04:02:39Z', 'closed_at': '2011-02-22T17:13:11Z', 'labels': []}
{'issuenumber': 3, 'title': 'Enhancement: Hook into before and after individual theory test', 'state': 'closed', 'created_at': '2009-05-25T03:35:16Z', 'closed_at': '2011-02-22T17:10:32Z', 'labels': []}
{'issuenumber': 2, 'title': 'Document @TestedOn, @ParametersSuppliedBy', 'state': 'closed', 'created_at': '2009-05-22T14:02:04Z', 'closed_at': '2013-04-11T13:53:58Z', 'labels': {'name': 'feature'}}
{'issuenumber': 1, 'title': 'Upgrade to Hamcrest 1.2', 'state': 'closed', 'created_at': '2009-05-22T13:26:30Z', 'closed_at': '2009-06-04T04:16:29Z', 'labels': []}
